2025-10-30 21:32:46,723 - INFO - 脚本启动
2025-10-30 21:32:46,730 - INFO - 大盘数据加载成功，共 3419 行，最新日期: 2025-10-29
2025-10-30 21:32:46,736 - INFO - 大盘指标计算完成
2025-10-30 21:32:46,737 - INFO - 正在解析 result_C类.txt 获取推荐基金代码...
2025-10-30 21:32:46,739 - INFO - 成功提取到 95 个基金（测试限制前1000个）: ['001174', '003985', '004846', '005538', '005776', '005940', '007491', '009056', '009068', '009856', '010392', '010806', '010913', '011120', '011513', '011705', '011900', '012863', '013014', '013048', '013180', '013196', '013370', '013722', '013841', '013843', '014143', '014194', '014320', '014497', '014536', '014581', '014766', '014855', '014951', '015585', '015687', '015773', '015874', '015998', '016020', '016158', '016262', '016373', '016461', '016486', '016501', '016567', '016579', '017074', '017076', '017166', '017223', '017470', '017560', '017747', '017811', '017968', '018288', '018326', '018380', '018638', '018927', '019571', '019633', '019925', '020357', '020465', '020470', '020477', '020629', '020640', '020671', '020840', '021225', '021533', '021608', '021719', '021793', '021894', '021938', '022365', '022607', '022726', '023045', '023452', '023567', '023652', '023829', '024070', '024420', '024854', '024975', '025333', '512760']
2025-10-30 21:32:46,739 - INFO - 开始预加载本地缓存数据...
2025-10-30 21:32:46,740 - INFO - 当前时间: 2025-10-30 21:32:46, 期望最新数据日期: 2025-10-30
2025-10-30 21:32:46,745 - INFO - 本地已存在基金 001174 数据，共 2561 行，最新日期为: 2025-10-20
2025-10-30 21:32:46,745 - INFO - 基金 001174 本地数据已过时（最新日期为 2025-10-20，期望 2025-10-30），需要从网络获取新数据。
2025-10-30 21:32:46,748 - INFO - 本地已存在基金 003985 数据，共 2075 行，最新日期为: 2025-10-24
2025-10-30 21:32:46,749 - INFO - 基金 003985 本地数据已过时（最新日期为 2025-10-24，期望 2025-10-30），需要从网络获取新数据。
2025-10-30 21:32:46,751 - INFO - 本地已存在基金 004846 数据，共 1977 行，最新日期为: 2025-10-27
2025-10-30 21:32:46,752 - INFO - 基金 004846 本地数据已过时（最新日期为 2025-10-27，期望 2025-10-30），需要从网络获取新数据。
2025-10-30 21:32:46,755 - INFO - 本地已存在基金 005538 数据，共 1810 行，最新日期为: 2025-10-20
2025-10-30 21:32:46,755 - INFO - 基金 005538 本地数据已过时（最新日期为 2025-10-20，期望 2025-10-30），需要从网络获取新数据。
2025-10-30 21:32:46,758 - INFO - 本地已存在基金 005776 数据，共 1717 行，最新日期为: 2025-10-20
2025-10-30 21:32:46,759 - INFO - 基金 005776 本地数据已过时（最新日期为 2025-10-20，期望 2025-10-30），需要从网络获取新数据。
2025-10-30 21:32:46,762 - INFO - 本地已存在基金 005940 数据，共 1683 行，最新日期为: 2025-10-24
2025-10-30 21:32:46,762 - INFO - 基金 005940 本地数据已过时（最新日期为 2025-10-24，期望 2025-10-30），需要从网络获取新数据。
2025-10-30 21:32:46,765 - INFO - 本地已存在基金 007491 数据，共 1508 行，最新日期为: 2025-10-20
2025-10-30 21:32:46,765 - INFO - 基金 007491 本地数据已过时（最新日期为 2025-10-20，期望 2025-10-30），需要从网络获取新数据。
2025-10-30 21:32:46,768 - INFO - 本地已存在基金 009056 数据，共 1321 行，最新日期为: 2025-10-20
2025-10-30 21:32:46,768 - INFO - 基金 009056 本地数据已过时（最新日期为 2025-10-20，期望 2025-10-30），需要从网络获取新数据。
2025-10-30 21:32:46,771 - INFO - 本地已存在基金 009068 数据，共 1350 行，最新日期为: 2025-10-27
2025-10-30 21:32:46,771 - INFO - 基金 009068 本地数据已过时（最新日期为 2025-10-27，期望 2025-10-30），需要从网络获取新数据。
2025-10-30 21:32:46,774 - INFO - 本地已存在基金 009856 数据，共 1223 行，最新日期为: 2025-10-20
2025-10-30 21:32:46,774 - INFO - 基金 009856 本地数据已过时（最新日期为 2025-10-20，期望 2025-10-30），需要从网络获取新数据。
2025-10-30 21:32:46,777 - INFO - 本地已存在基金 010392 数据，共 1123 行，最新日期为: 2025-10-20
2025-10-30 21:32:46,777 - INFO - 基金 010392 本地数据已过时（最新日期为 2025-10-20，期望 2025-10-30），需要从网络获取新数据。
2025-10-30 21:32:46,779 - INFO - 本地已存在基金 010806 数据，共 1175 行，最新日期为: 2025-10-27
2025-10-30 21:32:46,779 - INFO - 基金 010806 本地数据已过时（最新日期为 2025-10-27，期望 2025-10-30），需要从网络获取新数据。
2025-10-30 21:32:46,781 - INFO - 本地已存在基金 010913 数据，共 1072 行，最新日期为: 2025-10-27
2025-10-30 21:32:46,782 - INFO - 基金 010913 本地数据已过时（最新日期为 2025-10-27，期望 2025-10-30），需要从网络获取新数据。
2025-10-30 21:32:46,784 - INFO - 本地已存在基金 011120 数据，共 1167 行，最新日期为: 2025-10-20
2025-10-30 21:32:46,785 - INFO - 基金 011120 本地数据已过时（最新日期为 2025-10-20，期望 2025-10-30），需要从网络获取新数据。
2025-10-30 21:32:46,787 - INFO - 本地已存在基金 011513 数据，共 1097 行，最新日期为: 2025-10-27
2025-10-30 21:32:46,787 - INFO - 基金 011513 本地数据已过时（最新日期为 2025-10-27，期望 2025-10-30），需要从网络获取新数据。
2025-10-30 21:32:46,789 - INFO - 本地已存在基金 011705 数据，共 993 行，最新日期为: 2025-10-27
2025-10-30 21:32:46,789 - INFO - 基金 011705 本地数据已过时（最新日期为 2025-10-27，期望 2025-10-30），需要从网络获取新数据。
2025-10-30 21:32:46,791 - INFO - 本地已存在基金 011900 数据，共 733 行，最新日期为: 2025-10-27
2025-10-30 21:32:46,792 - INFO - 基金 011900 本地数据已过时（最新日期为 2025-10-27，期望 2025-10-30），需要从网络获取新数据。
2025-10-30 21:32:46,794 - INFO - 本地已存在基金 012863 数据，共 1015 行，最新日期为: 2025-10-24
2025-10-30 21:32:46,794 - INFO - 基金 012863 本地数据已过时（最新日期为 2025-10-24，期望 2025-10-30），需要从网络获取新数据。
2025-10-30 21:32:46,797 - INFO - 本地已存在基金 013014 数据，共 990 行，最新日期为: 2025-10-27
2025-10-30 21:32:46,797 - INFO - 基金 013014 本地数据已过时（最新日期为 2025-10-27，期望 2025-10-30），需要从网络获取新数据。
2025-10-30 21:32:46,799 - INFO - 本地已存在基金 013048 数据，共 1038 行，最新日期为: 2025-10-27
2025-10-30 21:32:46,799 - INFO - 基金 013048 本地数据已过时（最新日期为 2025-10-27，期望 2025-10-30），需要从网络获取新数据。
2025-10-30 21:32:46,802 - INFO - 本地已存在基金 013180 数据，共 1014 行，最新日期为: 2025-10-24
2025-10-30 21:32:46,802 - INFO - 基金 013180 本地数据已过时（最新日期为 2025-10-24，期望 2025-10-30），需要从网络获取新数据。
2025-10-30 21:32:46,804 - INFO - 本地已存在基金 013196 数据，共 1006 行，最新日期为: 2025-10-27
2025-10-30 21:32:46,804 - INFO - 基金 013196 本地数据已过时（最新日期为 2025-10-27，期望 2025-10-30），需要从网络获取新数据。
2025-10-30 21:32:46,807 - INFO - 本地已存在基金 013370 数据，共 854 行，最新日期为: 2025-10-24
2025-10-30 21:32:46,807 - INFO - 基金 013370 本地数据已过时（最新日期为 2025-10-24，期望 2025-10-30），需要从网络获取新数据。
2025-10-30 21:32:46,810 - INFO - 本地已存在基金 013722 数据，共 912 行，最新日期为: 2025-10-20
2025-10-30 21:32:46,810 - INFO - 基金 013722 本地数据已过时（最新日期为 2025-10-20，期望 2025-10-30），需要从网络获取新数据。
2025-10-30 21:32:46,812 - INFO - 本地已存在基金 013841 数据，共 902 行，最新日期为: 2025-10-20
2025-10-30 21:32:46,812 - INFO - 基金 013841 本地数据已过时（最新日期为 2025-10-20，期望 2025-10-30），需要从网络获取新数据。
2025-10-30 21:32:46,815 - INFO - 本地已存在基金 013843 数据，共 831 行，最新日期为: 2025-10-27
2025-10-30 21:32:46,815 - INFO - 基金 013843 本地数据已过时（最新日期为 2025-10-27，期望 2025-10-30），需要从网络获取新数据。
2025-10-30 21:32:46,817 - INFO - 本地已存在基金 014143 数据，共 950 行，最新日期为: 2025-10-20
2025-10-30 21:32:46,818 - INFO - 基金 014143 本地数据已过时（最新日期为 2025-10-20，期望 2025-10-30），需要从网络获取新数据。
2025-10-30 21:32:46,820 - INFO - 本地已存在基金 014194 数据，共 937 行，最新日期为: 2025-10-20
2025-10-30 21:32:46,820 - INFO - 基金 014194 本地数据已过时（最新日期为 2025-10-20，期望 2025-10-30），需要从网络获取新数据。
2025-10-30 21:32:46,823 - INFO - 本地已存在基金 014320 数据，共 919 行，最新日期为: 2025-10-20
2025-10-30 21:32:46,823 - INFO - 基金 014320 本地数据已过时（最新日期为 2025-10-20，期望 2025-10-30），需要从网络获取新数据。
2025-10-30 21:32:46,826 - INFO - 本地已存在基金 014497 数据，共 932 行，最新日期为: 2025-10-24
2025-10-30 21:32:46,826 - INFO - 基金 014497 本地数据已过时（最新日期为 2025-10-24，期望 2025-10-30），需要从网络获取新数据。
2025-10-30 21:32:46,829 - INFO - 本地已存在基金 014536 数据，共 928 行，最新日期为: 2025-10-20
2025-10-30 21:32:46,829 - INFO - 基金 014536 本地数据已过时（最新日期为 2025-10-20，期望 2025-10-30），需要从网络获取新数据。
2025-10-30 21:32:46,831 - INFO - 本地已存在基金 014581 数据，共 927 行，最新日期为: 2025-10-20
2025-10-30 21:32:46,832 - INFO - 基金 014581 本地数据已过时（最新日期为 2025-10-20，期望 2025-10-30），需要从网络获取新数据。
2025-10-30 21:32:46,834 - INFO - 本地已存在基金 014766 数据，共 876 行，最新日期为: 2025-10-27
2025-10-30 21:32:46,834 - INFO - 基金 014766 本地数据已过时（最新日期为 2025-10-27，期望 2025-10-30），需要从网络获取新数据。
2025-10-30 21:32:46,836 - INFO - 本地已存在基金 014855 数据，共 840 行，最新日期为: 2025-10-20
2025-10-30 21:32:46,837 - INFO - 基金 014855 本地数据已过时（最新日期为 2025-10-20，期望 2025-10-30），需要从网络获取新数据。
2025-10-30 21:32:46,839 - INFO - 本地已存在基金 014951 数据，共 851 行，最新日期为: 2025-10-24
2025-10-30 21:32:46,839 - INFO - 基金 014951 本地数据已过时（最新日期为 2025-10-24，期望 2025-10-30），需要从网络获取新数据。
2025-10-30 21:32:46,842 - INFO - 本地已存在基金 015585 数据，共 835 行，最新日期为: 2025-10-20
2025-10-30 21:32:46,842 - INFO - 基金 015585 本地数据已过时（最新日期为 2025-10-20，期望 2025-10-30），需要从网络获取新数据。
2025-10-30 21:32:46,844 - INFO - 本地已存在基金 015687 数据，共 841 行，最新日期为: 2025-10-27
2025-10-30 21:32:46,845 - INFO - 基金 015687 本地数据已过时（最新日期为 2025-10-27，期望 2025-10-30），需要从网络获取新数据。
2025-10-30 21:32:46,847 - INFO - 本地已存在基金 015773 数据，共 837 行，最新日期为: 2025-10-20
2025-10-30 21:32:46,847 - INFO - 基金 015773 本地数据已过时（最新日期为 2025-10-20，期望 2025-10-30），需要从网络获取新数据。
2025-10-30 21:32:46,850 - INFO - 本地已存在基金 015874 数据，共 795 行，最新日期为: 2025-10-24
2025-10-30 21:32:46,850 - INFO - 基金 015874 本地数据已过时（最新日期为 2025-10-24，期望 2025-10-30），需要从网络获取新数据。
2025-10-30 21:32:46,852 - INFO - 本地已存在基金 015998 数据，共 811 行，最新日期为: 2025-10-27
2025-10-30 21:32:46,853 - INFO - 基金 015998 本地数据已过时（最新日期为 2025-10-27，期望 2025-10-30），需要从网络获取新数据。
2025-10-30 21:32:46,855 - INFO - 本地已存在基金 016020 数据，共 798 行，最新日期为: 2025-10-24
2025-10-30 21:32:46,855 - INFO - 基金 016020 本地数据已过时（最新日期为 2025-10-24，期望 2025-10-30），需要从网络获取新数据。
2025-10-30 21:32:46,857 - INFO - 本地已存在基金 016158 数据，共 693 行，最新日期为: 2025-10-27
2025-10-30 21:32:46,858 - INFO - 基金 016158 本地数据已过时（最新日期为 2025-10-27，期望 2025-10-30），需要从网络获取新数据。
2025-10-30 21:32:46,860 - INFO - 本地已存在基金 016262 数据，共 794 行，最新日期为: 2025-10-27
2025-10-30 21:32:46,860 - INFO - 基金 016262 本地数据已过时（最新日期为 2025-10-27，期望 2025-10-30），需要从网络获取新数据。
2025-10-30 21:32:46,863 - INFO - 本地已存在基金 016373 数据，共 742 行，最新日期为: 2025-10-24
2025-10-30 21:32:46,863 - INFO - 基金 016373 本地数据已过时（最新日期为 2025-10-24，期望 2025-10-30），需要从网络获取新数据。
2025-10-30 21:32:46,865 - INFO - 本地已存在基金 016461 数据，共 765 行，最新日期为: 2025-10-20
2025-10-30 21:32:46,866 - INFO - 基金 016461 本地数据已过时（最新日期为 2025-10-20，期望 2025-10-30），需要从网络获取新数据。
2025-10-30 21:32:46,868 - INFO - 本地已存在基金 016486 数据，共 666 行，最新日期为: 2025-10-24
2025-10-30 21:32:46,868 - INFO - 基金 016486 本地数据已过时（最新日期为 2025-10-24，期望 2025-10-30），需要从网络获取新数据。
2025-10-30 21:32:46,871 - INFO - 本地已存在基金 016501 数据，共 739 行，最新日期为: 2025-10-20
2025-10-30 21:32:46,871 - INFO - 基金 016501 本地数据已过时（最新日期为 2025-10-20，期望 2025-10-30），需要从网络获取新数据。
2025-10-30 21:32:46,873 - INFO - 本地已存在基金 016567 数据，共 749 行，最新日期为: 2025-10-27
2025-10-30 21:32:46,873 - INFO - 基金 016567 本地数据已过时（最新日期为 2025-10-27，期望 2025-10-30），需要从网络获取新数据。
2025-10-30 21:32:46,876 - INFO - 本地已存在基金 016579 数据，共 748 行，最新日期为: 2025-10-20
2025-10-30 21:32:46,876 - INFO - 基金 016579 本地数据已过时（最新日期为 2025-10-20，期望 2025-10-30），需要从网络获取新数据。
2025-10-30 21:32:46,879 - INFO - 本地已存在基金 017074 数据，共 681 行，最新日期为: 2025-10-24
2025-10-30 21:32:46,879 - INFO - 基金 017074 本地数据已过时（最新日期为 2025-10-24，期望 2025-10-30），需要从网络获取新数据。
2025-10-30 21:32:46,882 - INFO - 本地已存在基金 017076 数据，共 684 行，最新日期为: 2025-10-24
2025-10-30 21:32:46,882 - INFO - 基金 017076 本地数据已过时（最新日期为 2025-10-24，期望 2025-10-30），需要从网络获取新数据。
2025-10-30 21:32:46,884 - INFO - 本地已存在基金 017166 数据，共 596 行，最新日期为: 2025-10-24
2025-10-30 21:32:46,885 - INFO - 基金 017166 本地数据已过时（最新日期为 2025-10-24，期望 2025-10-30），需要从网络获取新数据。
2025-10-30 21:32:46,887 - INFO - 本地已存在基金 017223 数据，共 701 行，最新日期为: 2025-10-27
2025-10-30 21:32:46,887 - INFO - 基金 017223 本地数据已过时（最新日期为 2025-10-27，期望 2025-10-30），需要从网络获取新数据。
2025-10-30 21:32:46,889 - INFO - 本地已存在基金 017470 数据，共 698 行，最新日期为: 2025-10-24
2025-10-30 21:32:46,889 - INFO - 基金 017470 本地数据已过时（最新日期为 2025-10-24，期望 2025-10-30），需要从网络获取新数据。
2025-10-30 21:32:46,892 - INFO - 本地已存在基金 017560 数据，共 684 行，最新日期为: 2025-10-24
2025-10-30 21:32:46,892 - INFO - 基金 017560 本地数据已过时（最新日期为 2025-10-24，期望 2025-10-30），需要从网络获取新数据。
2025-10-30 21:32:46,894 - INFO - 本地已存在基金 017747 数据，共 572 行，最新日期为: 2025-10-24
2025-10-30 21:32:46,894 - INFO - 基金 017747 本地数据已过时（最新日期为 2025-10-24，期望 2025-10-30），需要从网络获取新数据。
2025-10-30 21:32:46,897 - INFO - 本地已存在基金 017811 数据，共 654 行，最新日期为: 2025-10-30
2025-10-30 21:32:46,897 - INFO - 基金 017811 的本地数据已是最新 (2025-10-30, 期望: 2025-10-30) 且数据量足够 (654 行)，直接加载。
2025-10-30 21:32:46,905 - INFO - 本地已存在基金 017968 数据，共 639 行，最新日期为: 2025-10-24
2025-10-30 21:32:46,905 - INFO - 基金 017968 本地数据已过时（最新日期为 2025-10-24，期望 2025-10-30），需要从网络获取新数据。
2025-10-30 21:32:46,908 - INFO - 本地已存在基金 018288 数据，共 572 行，最新日期为: 2025-10-24
2025-10-30 21:32:46,908 - INFO - 基金 018288 本地数据已过时（最新日期为 2025-10-24，期望 2025-10-30），需要从网络获取新数据。
2025-10-30 21:32:46,910 - INFO - 本地已存在基金 018326 数据，共 577 行，最新日期为: 2025-10-24
2025-10-30 21:32:46,910 - INFO - 基金 018326 本地数据已过时（最新日期为 2025-10-24，期望 2025-10-30），需要从网络获取新数据。
2025-10-30 21:32:46,913 - INFO - 本地已存在基金 018380 数据，共 600 行，最新日期为: 2025-10-24
2025-10-30 21:32:46,913 - INFO - 基金 018380 本地数据已过时（最新日期为 2025-10-24，期望 2025-10-30），需要从网络获取新数据。
2025-10-30 21:32:46,915 - INFO - 本地已存在基金 018638 数据，共 581 行，最新日期为: 2025-10-24
2025-10-30 21:32:46,916 - INFO - 基金 018638 本地数据已过时（最新日期为 2025-10-24，期望 2025-10-30），需要从网络获取新数据。
2025-10-30 21:32:46,918 - INFO - 本地已存在基金 018927 数据，共 459 行，最新日期为: 2025-10-27
2025-10-30 21:32:46,918 - INFO - 基金 018927 本地数据已过时（最新日期为 2025-10-27，期望 2025-10-30），需要从网络获取新数据。
2025-10-30 21:32:46,920 - INFO - 本地已存在基金 019571 数据，共 497 行，最新日期为: 2025-10-20
2025-10-30 21:32:46,920 - INFO - 基金 019571 本地数据已过时（最新日期为 2025-10-20，期望 2025-10-30），需要从网络获取新数据。
2025-10-30 21:32:46,922 - INFO - 本地已存在基金 019633 数据，共 499 行，最新日期为: 2025-10-27
2025-10-30 21:32:46,923 - INFO - 基金 019633 本地数据已过时（最新日期为 2025-10-27，期望 2025-10-30），需要从网络获取新数据。
2025-10-30 21:32:46,925 - INFO - 本地已存在基金 019925 数据，共 476 行，最新日期为: 2025-10-20
2025-10-30 21:32:46,925 - INFO - 基金 019925 本地数据已过时（最新日期为 2025-10-20，期望 2025-10-30），需要从网络获取新数据。
2025-10-30 21:32:46,927 - INFO - 本地已存在基金 020357 数据，共 412 行，最新日期为: 2025-10-27
2025-10-30 21:32:46,927 - INFO - 基金 020357 本地数据已过时（最新日期为 2025-10-27，期望 2025-10-30），需要从网络获取新数据。
2025-10-30 21:32:46,930 - INFO - 本地已存在基金 020465 数据，共 416 行，最新日期为: 2025-10-24
2025-10-30 21:32:46,930 - INFO - 基金 020465 本地数据已过时（最新日期为 2025-10-24，期望 2025-10-30），需要从网络获取新数据。
2025-10-30 21:32:46,932 - INFO - 本地已存在基金 020470 数据，共 389 行，最新日期为: 2025-10-24
2025-10-30 21:32:46,932 - INFO - 基金 020470 本地数据已过时（最新日期为 2025-10-24，期望 2025-10-30），需要从网络获取新数据。
2025-10-30 21:32:46,934 - INFO - 本地已存在基金 020477 数据，共 341 行，最新日期为: 2025-10-24
2025-10-30 21:32:46,935 - INFO - 基金 020477 本地数据已过时（最新日期为 2025-10-24，期望 2025-10-30），需要从网络获取新数据。
2025-10-30 21:32:46,937 - INFO - 本地已存在基金 020629 数据，共 389 行，最新日期为: 2025-10-24
2025-10-30 21:32:46,937 - INFO - 基金 020629 本地数据已过时（最新日期为 2025-10-24，期望 2025-10-30），需要从网络获取新数据。
2025-10-30 21:32:46,939 - INFO - 本地已存在基金 020640 数据，共 398 行，最新日期为: 2025-10-27
2025-10-30 21:32:46,939 - INFO - 基金 020640 本地数据已过时（最新日期为 2025-10-27，期望 2025-10-30），需要从网络获取新数据。
2025-10-30 21:32:46,942 - INFO - 本地已存在基金 020671 数据，共 413 行，最新日期为: 2025-10-24
2025-10-30 21:32:46,942 - INFO - 基金 020671 本地数据已过时（最新日期为 2025-10-24，期望 2025-10-30），需要从网络获取新数据。
2025-10-30 21:32:46,944 - INFO - 本地已存在基金 020840 数据，共 376 行，最新日期为: 2025-10-24
2025-10-30 21:32:46,945 - INFO - 基金 020840 本地数据已过时（最新日期为 2025-10-24，期望 2025-10-30），需要从网络获取新数据。
2025-10-30 21:32:46,947 - INFO - 本地已存在基金 021225 数据，共 272 行，最新日期为: 2025-10-24
2025-10-30 21:32:46,947 - INFO - 基金 021225 本地数据已过时（最新日期为 2025-10-24，期望 2025-10-30），需要从网络获取新数据。
2025-10-30 21:32:46,949 - INFO - 本地已存在基金 021533 数据，共 330 行，最新日期为: 2025-10-27
2025-10-30 21:32:46,949 - INFO - 基金 021533 本地数据已过时（最新日期为 2025-10-27，期望 2025-10-30），需要从网络获取新数据。
2025-10-30 21:32:46,951 - INFO - 本地已存在基金 021608 数据，共 308 行，最新日期为: 2025-10-24
2025-10-30 21:32:46,952 - INFO - 基金 021608 本地数据已过时（最新日期为 2025-10-24，期望 2025-10-30），需要从网络获取新数据。
2025-10-30 21:32:46,954 - INFO - 本地已存在基金 021719 数据，共 299 行，最新日期为: 2025-10-24
2025-10-30 21:32:46,954 - INFO - 基金 021719 本地数据已过时（最新日期为 2025-10-24，期望 2025-10-30），需要从网络获取新数据。
2025-10-30 21:32:46,956 - INFO - 本地已存在基金 021793 数据，共 259 行，最新日期为: 2025-10-24
2025-10-30 21:32:46,956 - INFO - 基金 021793 本地数据已过时（最新日期为 2025-10-24，期望 2025-10-30），需要从网络获取新数据。
2025-10-30 21:32:46,958 - INFO - 本地已存在基金 021894 数据，共 219 行，最新日期为: 2025-10-27
2025-10-30 21:32:46,958 - INFO - 基金 021894 本地数据已过时（最新日期为 2025-10-27，期望 2025-10-30），需要从网络获取新数据。
2025-10-30 21:32:46,960 - INFO - 本地已存在基金 021938 数据，共 111 行，最新日期为: 2025-10-27
2025-10-30 21:32:46,960 - INFO - 基金 021938 本地数据已过时（最新日期为 2025-10-27，期望 2025-10-30），需要从网络获取新数据。
2025-10-30 21:32:46,962 - INFO - 本地已存在基金 022365 数据，共 239 行，最新日期为: 2025-10-27
2025-10-30 21:32:46,962 - INFO - 基金 022365 本地数据已过时（最新日期为 2025-10-27，期望 2025-10-30），需要从网络获取新数据。
2025-10-30 21:32:46,964 - INFO - 本地已存在基金 022607 数据，共 230 行，最新日期为: 2025-10-27
2025-10-30 21:32:46,964 - INFO - 基金 022607 本地数据已过时（最新日期为 2025-10-27，期望 2025-10-30），需要从网络获取新数据。
2025-10-30 21:32:46,966 - INFO - 本地已存在基金 022726 数据，共 179 行，最新日期为: 2025-10-27
2025-10-30 21:32:46,966 - INFO - 基金 022726 本地数据已过时（最新日期为 2025-10-27，期望 2025-10-30），需要从网络获取新数据。
2025-10-30 21:32:46,968 - INFO - 本地已存在基金 023045 数据，共 139 行，最新日期为: 2025-10-27
2025-10-30 21:32:46,968 - INFO - 基金 023045 本地数据已过时（最新日期为 2025-10-27，期望 2025-10-30），需要从网络获取新数据。
2025-10-30 21:32:46,970 - INFO - 本地已存在基金 023452 数据，共 154 行，最新日期为: 2025-10-27
2025-10-30 21:32:46,970 - INFO - 基金 023452 本地数据已过时（最新日期为 2025-10-27，期望 2025-10-30），需要从网络获取新数据。
2025-10-30 21:32:46,972 - INFO - 本地已存在基金 023567 数据，共 147 行，最新日期为: 2025-10-27
2025-10-30 21:32:46,973 - INFO - 基金 023567 本地数据已过时（最新日期为 2025-10-27，期望 2025-10-30），需要从网络获取新数据。
2025-10-30 21:32:46,974 - INFO - 本地已存在基金 023652 数据，共 134 行，最新日期为: 2025-10-27
2025-10-30 21:32:46,975 - INFO - 基金 023652 本地数据已过时（最新日期为 2025-10-27，期望 2025-10-30），需要从网络获取新数据。
2025-10-30 21:32:46,976 - INFO - 本地已存在基金 023829 数据，共 107 行，最新日期为: 2025-10-27
2025-10-30 21:32:46,976 - INFO - 基金 023829 本地数据已过时（最新日期为 2025-10-27，期望 2025-10-30），需要从网络获取新数据。
2025-10-30 21:32:46,978 - INFO - 本地已存在基金 024070 数据，共 97 行，最新日期为: 2025-10-27
2025-10-30 21:32:46,978 - INFO - 基金 024070 本地数据已过时（最新日期为 2025-10-27，期望 2025-10-30），需要从网络获取新数据。
2025-10-30 21:32:46,980 - INFO - 本地已存在基金 024420 数据，共 52 行，最新日期为: 2025-10-27
2025-10-30 21:32:46,980 - INFO - 基金 024420 本地数据已过时（最新日期为 2025-10-27，期望 2025-10-30），需要从网络获取新数据。
2025-10-30 21:32:46,982 - INFO - 本地已存在基金 024854 数据，共 34 行，最新日期为: 2025-10-27
2025-10-30 21:32:46,982 - INFO - 基金 024854 本地数据已过时（最新日期为 2025-10-27，期望 2025-10-30），需要从网络获取新数据。
2025-10-30 21:32:46,984 - INFO - 本地已存在基金 024975 数据，共 55 行，最新日期为: 2025-10-27
2025-10-30 21:32:46,984 - INFO - 基金 024975 本地数据已过时（最新日期为 2025-10-27，期望 2025-10-30），需要从网络获取新数据。
2025-10-30 21:32:46,986 - INFO - 本地已存在基金 025333 数据，共 38 行，最新日期为: 2025-10-27
2025-10-30 21:32:46,986 - INFO - 基金 025333 本地数据已过时（最新日期为 2025-10-27，期望 2025-10-30），需要从网络获取新数据。
2025-10-30 21:32:46,989 - INFO - 本地已存在基金 512760 数据，共 1558 行，最新日期为: 2025-10-27
2025-10-30 21:32:46,989 - INFO - 基金 512760 本地数据已过时（最新日期为 2025-10-27，期望 2025-10-30），需要从网络获取新数据。
2025-10-30 21:32:46,989 - INFO - 开始使用多线程获取 94 个基金的新数据...
2025-10-30 21:32:47,012 - INFO - 本地已存在基金 004846 数据，共 1977 行，最新日期为: 2025-10-27
2025-10-30 21:32:47,013 - INFO - 正在获取基金 004846 的第 1 页数据...
2025-10-30 21:32:47,024 - INFO - 本地已存在基金 005776 数据，共 1717 行，最新日期为: 2025-10-20
2025-10-30 21:32:47,027 - INFO - 本地已存在基金 005538 数据，共 1810 行，最新日期为: 2025-10-20
2025-10-30 21:32:47,027 - INFO - 正在获取基金 005776 的第 1 页数据...
2025-10-30 21:32:47,028 - INFO - 正在获取基金 005538 的第 1 页数据...
2025-10-30 21:32:47,031 - INFO - 本地已存在基金 001174 数据，共 2561 行，最新日期为: 2025-10-20
2025-10-30 21:32:47,031 - INFO - 正在获取基金 001174 的第 1 页数据...
2025-10-30 21:32:47,032 - INFO - 本地已存在基金 003985 数据，共 2075 行，最新日期为: 2025-10-24
2025-10-30 21:32:47,033 - INFO - 正在获取基金 003985 的第 1 页数据...
2025-10-30 21:32:47,996 - INFO - 第 1 页: 发现 8 行新数据
2025-10-30 21:32:47,997 - INFO - 基金 001174 总页数: 129, 当前页: 1, 当前页行数: 20
2025-10-30 21:32:47,997 - INFO - 基金 001174 已追溯到本地数据，增量爬取结束。
2025-10-30 21:32:48,008 - INFO - 基金 001174 数据已成功保存到本地文件: fund_data/001174.csv
2025-10-30 21:32:48,017 - INFO - 本地已存在基金 005940 数据，共 1683 行，最新日期为: 2025-10-24
2025-10-30 21:32:48,017 - INFO - 正在获取基金 005940 的第 1 页数据...
2025-10-30 21:32:48,077 - INFO - 第 1 页: 发现 3 行新数据
2025-10-30 21:32:48,077 - INFO - 基金 004846 总页数: 99, 当前页: 1, 当前页行数: 20
2025-10-30 21:32:48,077 - INFO - 基金 004846 已追溯到本地数据，增量爬取结束。
2025-10-30 21:32:48,082 - INFO - 基金 004846 数据已成功保存到本地文件: fund_data/004846.csv
2025-10-30 21:32:48,093 - INFO - 本地已存在基金 007491 数据，共 1508 行，最新日期为: 2025-10-20
2025-10-30 21:32:48,093 - INFO - 正在获取基金 007491 的第 1 页数据...
2025-10-30 21:32:48,099 - INFO - 第 1 页: 发现 8 行新数据
2025-10-30 21:32:48,100 - INFO - 基金 005538 总页数: 91, 当前页: 1, 当前页行数: 20
2025-10-30 21:32:48,100 - INFO - 基金 005538 已追溯到本地数据，增量爬取结束。
2025-10-30 21:32:48,110 - INFO - 基金 005538 数据已成功保存到本地文件: fund_data/005538.csv
2025-10-30 21:32:48,122 - INFO - 第 1 页: 发现 4 行新数据
2025-10-30 21:32:48,122 - INFO - 基金 003985 总页数: 104, 当前页: 1, 当前页行数: 20
2025-10-30 21:32:48,123 - INFO - 基金 003985 已追溯到本地数据，增量爬取结束。
2025-10-30 21:32:48,127 - INFO - 本地已存在基金 009056 数据，共 1321 行，最新日期为: 2025-10-20
2025-10-30 21:32:48,128 - INFO - 正在获取基金 009056 的第 1 页数据...
2025-10-30 21:32:48,135 - INFO - 基金 003985 数据已成功保存到本地文件: fund_data/003985.csv
2025-10-30 21:32:48,143 - INFO - 本地已存在基金 009068 数据，共 1350 行，最新日期为: 2025-10-27
2025-10-30 21:32:48,143 - INFO - 正在获取基金 009068 的第 1 页数据...
2025-10-30 21:32:48,157 - INFO - 第 1 页: 发现 8 行新数据
2025-10-30 21:32:48,157 - INFO - 基金 005776 总页数: 87, 当前页: 1, 当前页行数: 20
2025-10-30 21:32:48,157 - INFO - 基金 005776 已追溯到本地数据，增量爬取结束。
2025-10-30 21:32:48,165 - INFO - 基金 005776 数据已成功保存到本地文件: fund_data/005776.csv
2025-10-30 21:32:48,174 - INFO - 本地已存在基金 009856 数据，共 1223 行，最新日期为: 2025-10-20
2025-10-30 21:32:48,174 - INFO - 正在获取基金 009856 的第 1 页数据...
2025-10-30 21:32:48,595 - INFO - 第 1 页: 发现 4 行新数据
2025-10-30 21:32:48,595 - INFO - 基金 005940 总页数: 85, 当前页: 1, 当前页行数: 20
2025-10-30 21:32:48,595 - INFO - 基金 005940 已追溯到本地数据，增量爬取结束。
2025-10-30 21:32:48,602 - INFO - 基金 005940 数据已成功保存到本地文件: fund_data/005940.csv
2025-10-30 21:32:48,611 - INFO - 本地已存在基金 010392 数据，共 1123 行，最新日期为: 2025-10-20
2025-10-30 21:32:48,611 - INFO - 正在获取基金 010392 的第 1 页数据...
2025-10-30 21:32:48,668 - INFO - 第 1 页: 发现 8 行新数据
2025-10-30 21:32:48,669 - INFO - 基金 007491 总页数: 76, 当前页: 1, 当前页行数: 20
2025-10-30 21:32:48,669 - INFO - 基金 007491 已追溯到本地数据，增量爬取结束。
2025-10-30 21:32:48,676 - INFO - 基金 007491 数据已成功保存到本地文件: fund_data/007491.csv
2025-10-30 21:32:48,683 - INFO - 本地已存在基金 010806 数据，共 1175 行，最新日期为: 2025-10-27
2025-10-30 21:32:48,684 - INFO - 正在获取基金 010806 的第 1 页数据...
2025-10-30 21:32:48,752 - INFO - 第 1 页: 发现 8 行新数据
2025-10-30 21:32:48,752 - INFO - 基金 009056 总页数: 67, 当前页: 1, 当前页行数: 20
2025-10-30 21:32:48,752 - INFO - 基金 009056 已追溯到本地数据，增量爬取结束。
2025-10-30 21:32:48,760 - INFO - 基金 009056 数据已成功保存到本地文件: fund_data/009056.csv
2025-10-30 21:32:48,768 - INFO - 本地已存在基金 010913 数据，共 1072 行，最新日期为: 2025-10-27
2025-10-30 21:32:48,768 - INFO - 正在获取基金 010913 的第 1 页数据...
2025-10-30 21:32:48,774 - INFO - 第 1 页: 发现 3 行新数据
2025-10-30 21:32:48,774 - INFO - 基金 009068 总页数: 68, 当前页: 1, 当前页行数: 20
2025-10-30 21:32:48,774 - INFO - 基金 009068 已追溯到本地数据，增量爬取结束。
2025-10-30 21:32:48,779 - INFO - 基金 009068 数据已成功保存到本地文件: fund_data/009068.csv
2025-10-30 21:32:48,787 - INFO - 本地已存在基金 011120 数据，共 1167 行，最新日期为: 2025-10-20
2025-10-30 21:32:48,787 - INFO - 正在获取基金 011120 的第 1 页数据...
2025-10-30 21:32:48,857 - INFO - 第 1 页: 发现 8 行新数据
2025-10-30 21:32:48,857 - INFO - 基金 009856 总页数: 62, 当前页: 1, 当前页行数: 20
2025-10-30 21:32:48,858 - INFO - 基金 009856 已追溯到本地数据，增量爬取结束。
2025-10-30 21:32:48,864 - INFO - 基金 009856 数据已成功保存到本地文件: fund_data/009856.csv
2025-10-30 21:32:48,872 - INFO - 本地已存在基金 011513 数据，共 1097 行，最新日期为: 2025-10-27
2025-10-30 21:32:48,872 - INFO - 正在获取基金 011513 的第 1 页数据...
2025-10-30 21:32:49,241 - INFO - 第 1 页: 发现 8 行新数据
2025-10-30 21:32:49,241 - INFO - 基金 010392 总页数: 57, 当前页: 1, 当前页行数: 20
2025-10-30 21:32:49,242 - INFO - 基金 010392 已追溯到本地数据，增量爬取结束。
2025-10-30 21:32:49,248 - INFO - 基金 010392 数据已成功保存到本地文件: fund_data/010392.csv
2025-10-30 21:32:49,255 - INFO - 本地已存在基金 011705 数据，共 993 行，最新日期为: 2025-10-27
2025-10-30 21:32:49,256 - INFO - 正在获取基金 011705 的第 1 页数据...
2025-10-30 21:32:49,366 - INFO - 第 1 页: 发现 3 行新数据
2025-10-30 21:32:49,366 - INFO - 基金 010806 总页数: 59, 当前页: 1, 当前页行数: 20
2025-10-30 21:32:49,366 - INFO - 基金 010806 已追溯到本地数据，增量爬取结束。
2025-10-30 21:32:49,372 - INFO - 第 1 页: 发现 3 行新数据
2025-10-30 21:32:49,372 - INFO - 基金 010913 总页数: 54, 当前页: 1, 当前页行数: 20
2025-10-30 21:32:49,373 - INFO - 基金 010913 已追溯到本地数据，增量爬取结束。
2025-10-30 21:32:49,379 - INFO - 基金 010806 数据已成功保存到本地文件: fund_data/010806.csv
2025-10-30 21:32:49,380 - INFO - 基金 010913 数据已成功保存到本地文件: fund_data/010913.csv
2025-10-30 21:32:49,393 - INFO - 本地已存在基金 011900 数据，共 733 行，最新日期为: 2025-10-27
2025-10-30 21:32:49,393 - INFO - 正在获取基金 011900 的第 1 页数据...
2025-10-30 21:32:49,396 - INFO - 本地已存在基金 012863 数据，共 1015 行，最新日期为: 2025-10-24
2025-10-30 21:32:49,397 - INFO - 正在获取基金 012863 的第 1 页数据...
2025-10-30 21:32:49,457 - INFO - 第 1 页: 发现 8 行新数据
2025-10-30 21:32:49,457 - INFO - 基金 011120 总页数: 59, 当前页: 1, 当前页行数: 20
2025-10-30 21:32:49,457 - INFO - 基金 011120 已追溯到本地数据，增量爬取结束。
2025-10-30 21:32:49,463 - INFO - 基金 011120 数据已成功保存到本地文件: fund_data/011120.csv
2025-10-30 21:32:49,471 - INFO - 本地已存在基金 013014 数据，共 990 行，最新日期为: 2025-10-27
2025-10-30 21:32:49,471 - INFO - 正在获取基金 013014 的第 1 页数据...
2025-10-30 21:32:49,514 - INFO - 第 1 页: 发现 3 行新数据
2025-10-30 21:32:49,514 - INFO - 基金 011513 总页数: 55, 当前页: 1, 当前页行数: 20
2025-10-30 21:32:49,514 - INFO - 基金 011513 已追溯到本地数据，增量爬取结束。
2025-10-30 21:32:49,519 - INFO - 基金 011513 数据已成功保存到本地文件: fund_data/011513.csv
2025-10-30 21:32:49,526 - INFO - 本地已存在基金 013048 数据，共 1038 行，最新日期为: 2025-10-27
2025-10-30 21:32:49,526 - INFO - 正在获取基金 013048 的第 1 页数据...
2025-10-30 21:32:50,018 - INFO - 第 1 页: 发现 3 行新数据
2025-10-30 21:32:50,019 - INFO - 基金 011900 总页数: 37, 当前页: 1, 当前页行数: 20
2025-10-30 21:32:50,020 - INFO - 基金 011900 已追溯到本地数据，增量爬取结束。
2025-10-30 21:32:50,024 - INFO - 基金 011900 数据已成功保存到本地文件: fund_data/011900.csv
2025-10-30 21:32:50,035 - INFO - 第 1 页: 发现 3 行新数据
2025-10-30 21:32:50,035 - INFO - 基金 011705 总页数: 50, 当前页: 1, 当前页行数: 20
2025-10-30 21:32:50,035 - INFO - 基金 011705 已追溯到本地数据，增量爬取结束。
2025-10-30 21:32:50,040 - INFO - 本地已存在基金 013180 数据，共 1014 行，最新日期为: 2025-10-24
2025-10-30 21:32:50,041 - INFO - 正在获取基金 013180 的第 1 页数据...
2025-10-30 21:32:50,044 - INFO - 基金 011705 数据已成功保存到本地文件: fund_data/011705.csv
2025-10-30 21:32:50,052 - INFO - 本地已存在基金 013196 数据，共 1006 行，最新日期为: 2025-10-27
2025-10-30 21:32:50,052 - INFO - 正在获取基金 013196 的第 1 页数据...
2025-10-30 21:32:50,061 - INFO - 第 1 页: 发现 4 行新数据
2025-10-30 21:32:50,061 - INFO - 基金 012863 总页数: 51, 当前页: 1, 当前页行数: 20
2025-10-30 21:32:50,061 - INFO - 基金 012863 已追溯到本地数据，增量爬取结束。
2025-10-30 21:32:50,067 - INFO - 基金 012863 数据已成功保存到本地文件: fund_data/012863.csv
2025-10-30 21:32:50,075 - INFO - 本地已存在基金 013370 数据，共 854 行，最新日期为: 2025-10-24
2025-10-30 21:32:50,075 - INFO - 正在获取基金 013370 的第 1 页数据...
2025-10-30 21:32:50,113 - INFO - 第 1 页: 发现 3 行新数据
2025-10-30 21:32:50,113 - INFO - 基金 013014 总页数: 50, 当前页: 1, 当前页行数: 20
2025-10-30 21:32:50,113 - INFO - 基金 013014 已追溯到本地数据，增量爬取结束。
2025-10-30 21:32:50,117 - INFO - 基金 013014 数据已成功保存到本地文件: fund_data/013014.csv
2025-10-30 21:32:50,125 - INFO - 本地已存在基金 013722 数据，共 912 行，最新日期为: 2025-10-20
2025-10-30 21:32:50,125 - INFO - 正在获取基金 013722 的第 1 页数据...
2025-10-30 21:32:50,228 - INFO - 第 1 页: 发现 3 行新数据
2025-10-30 21:32:50,228 - INFO - 基金 013048 总页数: 53, 当前页: 1, 当前页行数: 20
2025-10-30 21:32:50,229 - INFO - 基金 013048 已追溯到本地数据，增量爬取结束。
2025-10-30 21:32:50,233 - INFO - 基金 013048 数据已成功保存到本地文件: fund_data/013048.csv
2025-10-30 21:32:50,241 - INFO - 本地已存在基金 013841 数据，共 902 行，最新日期为: 2025-10-20
2025-10-30 21:32:50,241 - INFO - 正在获取基金 013841 的第 1 页数据...
2025-10-30 21:32:50,704 - INFO - 第 1 页: 发现 4 行新数据
2025-10-30 21:32:50,704 - INFO - 基金 013180 总页数: 51, 当前页: 1, 当前页行数: 20
2025-10-30 21:32:50,705 - INFO - 基金 013180 已追溯到本地数据，增量爬取结束。
2025-10-30 21:32:50,710 - INFO - 基金 013180 数据已成功保存到本地文件: fund_data/013180.csv
2025-10-30 21:32:50,718 - INFO - 本地已存在基金 013843 数据，共 831 行，最新日期为: 2025-10-27
2025-10-30 21:32:50,718 - INFO - 正在获取基金 013843 的第 1 页数据...
2025-10-30 21:32:50,782 - INFO - 第 1 页: 发现 8 行新数据
2025-10-30 21:32:50,782 - INFO - 基金 013841 总页数: 46, 当前页: 1, 当前页行数: 20
2025-10-30 21:32:50,782 - INFO - 基金 013841 已追溯到本地数据，增量爬取结束。
2025-10-30 21:32:50,788 - INFO - 基金 013841 数据已成功保存到本地文件: fund_data/013841.csv
2025-10-30 21:32:50,796 - INFO - 本地已存在基金 014143 数据，共 950 行，最新日期为: 2025-10-20
2025-10-30 21:32:50,796 - INFO - 正在获取基金 014143 的第 1 页数据...
2025-10-30 21:32:50,911 - INFO - 第 1 页: 发现 8 行新数据
2025-10-30 21:32:50,911 - INFO - 基金 013722 总页数: 46, 当前页: 1, 当前页行数: 20
2025-10-30 21:32:50,912 - INFO - 基金 013722 已追溯到本地数据，增量爬取结束。
2025-10-30 21:32:50,919 - INFO - 第 1 页: 发现 4 行新数据
2025-10-30 21:32:50,921 - INFO - 基金 013370 总页数: 43, 当前页: 1, 当前页行数: 20
2025-10-30 21:32:50,922 - INFO - 基金 013370 已追溯到本地数据，增量爬取结束。
2025-10-30 21:32:50,930 - INFO - 基金 013370 数据已成功保存到本地文件: fund_data/013370.csv
2025-10-30 21:32:50,938 - INFO - 基金 013722 数据已成功保存到本地文件: fund_data/013722.csv
2025-10-30 21:32:50,948 - INFO - 本地已存在基金 014194 数据，共 937 行，最新日期为: 2025-10-20
2025-10-30 21:32:50,949 - INFO - 正在获取基金 014194 的第 1 页数据...
2025-10-30 21:32:50,954 - INFO - 本地已存在基金 014320 数据，共 919 行，最新日期为: 2025-10-20
2025-10-30 21:32:50,954 - INFO - 正在获取基金 014320 的第 1 页数据...
2025-10-30 21:32:50,960 - INFO - 第 1 页: 发现 3 行新数据
2025-10-30 21:32:50,960 - INFO - 基金 013196 总页数: 51, 当前页: 1, 当前页行数: 20
2025-10-30 21:32:50,960 - INFO - 基金 013196 已追溯到本地数据，增量爬取结束。
2025-10-30 21:32:50,964 - INFO - 基金 013196 数据已成功保存到本地文件: fund_data/013196.csv
2025-10-30 21:32:50,972 - INFO - 本地已存在基金 014497 数据，共 932 行，最新日期为: 2025-10-24
2025-10-30 21:32:50,973 - INFO - 正在获取基金 014497 的第 1 页数据...
2025-10-30 21:32:51,439 - INFO - 第 1 页: 发现 8 行新数据
2025-10-30 21:32:51,439 - INFO - 基金 014143 总页数: 48, 当前页: 1, 当前页行数: 20
2025-10-30 21:32:51,440 - INFO - 基金 014143 已追溯到本地数据，增量爬取结束。
2025-10-30 21:32:51,445 - INFO - 基金 014143 数据已成功保存到本地文件: fund_data/014143.csv
2025-10-30 21:32:51,456 - INFO - 本地已存在基金 014536 数据，共 928 行，最新日期为: 2025-10-20
2025-10-30 21:32:51,456 - INFO - 正在获取基金 014536 的第 1 页数据...
2025-10-30 21:32:51,462 - INFO - 第 1 页: 发现 3 行新数据
2025-10-30 21:32:51,462 - INFO - 基金 013843 总页数: 42, 当前页: 1, 当前页行数: 20
2025-10-30 21:32:51,462 - INFO - 基金 013843 已追溯到本地数据，增量爬取结束。
2025-10-30 21:32:51,466 - INFO - 基金 013843 数据已成功保存到本地文件: fund_data/013843.csv
2025-10-30 21:32:51,474 - INFO - 本地已存在基金 014581 数据，共 927 行，最新日期为: 2025-10-20
2025-10-30 21:32:51,475 - INFO - 正在获取基金 014581 的第 1 页数据...
2025-10-30 21:32:51,516 - INFO - 第 1 页: 发现 8 行新数据
2025-10-30 21:32:51,516 - INFO - 基金 014194 总页数: 48, 当前页: 1, 当前页行数: 20
2025-10-30 21:32:51,517 - INFO - 基金 014194 已追溯到本地数据，增量爬取结束。
2025-10-30 21:32:51,522 - INFO - 基金 014194 数据已成功保存到本地文件: fund_data/014194.csv
2025-10-30 21:32:51,530 - INFO - 本地已存在基金 014766 数据，共 876 行，最新日期为: 2025-10-27
2025-10-30 21:32:51,530 - INFO - 正在获取基金 014766 的第 1 页数据...
2025-10-30 21:32:51,617 - INFO - 第 1 页: 发现 4 行新数据
2025-10-30 21:32:51,618 - INFO - 基金 014497 总页数: 47, 当前页: 1, 当前页行数: 20
2025-10-30 21:32:51,618 - INFO - 基金 014497 已追溯到本地数据，增量爬取结束。
2025-10-30 21:32:51,624 - INFO - 基金 014497 数据已成功保存到本地文件: fund_data/014497.csv
2025-10-30 21:32:51,632 - INFO - 本地已存在基金 014855 数据，共 840 行，最新日期为: 2025-10-20
2025-10-30 21:32:51,632 - INFO - 正在获取基金 014855 的第 1 页数据...
2025-10-30 21:32:51,664 - INFO - 第 1 页: 发现 8 行新数据
2025-10-30 21:32:51,664 - INFO - 基金 014320 总页数: 47, 当前页: 1, 当前页行数: 20
2025-10-30 21:32:51,664 - INFO - 基金 014320 已追溯到本地数据，增量爬取结束。
2025-10-30 21:32:51,670 - INFO - 基金 014320 数据已成功保存到本地文件: fund_data/014320.csv
2025-10-30 21:32:51,678 - INFO - 本地已存在基金 014951 数据，共 851 行，最新日期为: 2025-10-24
2025-10-30 21:32:51,678 - INFO - 正在获取基金 014951 的第 1 页数据...
2025-10-30 21:32:51,976 - INFO - 第 1 页: 发现 8 行新数据
2025-10-30 21:32:51,976 - INFO - 基金 014536 总页数: 47, 当前页: 1, 当前页行数: 20
2025-10-30 21:32:51,976 - INFO - 基金 014536 已追溯到本地数据，增量爬取结束。
2025-10-30 21:32:51,982 - INFO - 基金 014536 数据已成功保存到本地文件: fund_data/014536.csv
2025-10-30 21:32:51,990 - INFO - 本地已存在基金 015585 数据，共 835 行，最新日期为: 2025-10-20
2025-10-30 21:32:51,991 - INFO - 正在获取基金 015585 的第 1 页数据...
2025-10-30 21:32:52,257 - INFO - 第 1 页: 发现 8 行新数据
2025-10-30 21:32:52,257 - INFO - 基金 014855 总页数: 43, 当前页: 1, 当前页行数: 20
2025-10-30 21:32:52,257 - INFO - 基金 014855 已追溯到本地数据，增量爬取结束。
2025-10-30 21:32:52,266 - INFO - 基金 014855 数据已成功保存到本地文件: fund_data/014855.csv
2025-10-30 21:32:52,275 - INFO - 本地已存在基金 015687 数据，共 841 行，最新日期为: 2025-10-27
2025-10-30 21:32:52,276 - INFO - 正在获取基金 015687 的第 1 页数据...
2025-10-30 21:32:52,284 - INFO - 第 1 页: 发现 8 行新数据
2025-10-30 21:32:52,284 - INFO - 基金 014581 总页数: 47, 当前页: 1, 当前页行数: 20
2025-10-30 21:32:52,284 - INFO - 基金 014581 已追溯到本地数据，增量爬取结束。
2025-10-30 21:32:52,291 - INFO - 第 1 页: 发现 3 行新数据
2025-10-30 21:32:52,291 - INFO - 基金 014766 总页数: 44, 当前页: 1, 当前页行数: 20
2025-10-30 21:32:52,292 - INFO - 基金 014766 已追溯到本地数据，增量爬取结束。
2025-10-30 21:32:52,297 - INFO - 基金 014581 数据已成功保存到本地文件: fund_data/014581.csv
2025-10-30 21:32:52,305 - INFO - 基金 014766 数据已成功保存到本地文件: fund_data/014766.csv
2025-10-30 21:32:52,315 - INFO - 本地已存在基金 015773 数据，共 837 行，最新日期为: 2025-10-20
2025-10-30 21:32:52,316 - INFO - 正在获取基金 015773 的第 1 页数据...
2025-10-30 21:32:52,316 - INFO - 本地已存在基金 015874 数据，共 795 行，最新日期为: 2025-10-24
2025-10-30 21:32:52,317 - INFO - 正在获取基金 015874 的第 1 页数据...
2025-10-30 21:32:52,367 - INFO - 第 1 页: 发现 4 行新数据
2025-10-30 21:32:52,367 - INFO - 基金 014951 总页数: 43, 当前页: 1, 当前页行数: 20
2025-10-30 21:32:52,367 - INFO - 基金 014951 已追溯到本地数据，增量爬取结束。
2025-10-30 21:32:52,372 - INFO - 基金 014951 数据已成功保存到本地文件: fund_data/014951.csv
2025-10-30 21:32:52,380 - INFO - 本地已存在基金 015998 数据，共 811 行，最新日期为: 2025-10-27
2025-10-30 21:32:52,381 - INFO - 正在获取基金 015998 的第 1 页数据...
2025-10-30 21:32:52,556 - INFO - 第 1 页: 发现 8 行新数据
2025-10-30 21:32:52,557 - INFO - 基金 015585 总页数: 43, 当前页: 1, 当前页行数: 20
2025-10-30 21:32:52,557 - INFO - 基金 015585 已追溯到本地数据，增量爬取结束。
2025-10-30 21:32:52,562 - INFO - 基金 015585 数据已成功保存到本地文件: fund_data/015585.csv
2025-10-30 21:32:52,571 - INFO - 本地已存在基金 016020 数据，共 798 行，最新日期为: 2025-10-24
2025-10-30 21:32:52,571 - INFO - 正在获取基金 016020 的第 1 页数据...
2025-10-30 21:32:52,905 - INFO - 第 1 页: 发现 8 行新数据
2025-10-30 21:32:52,905 - INFO - 基金 015773 总页数: 43, 当前页: 1, 当前页行数: 20
2025-10-30 21:32:52,906 - INFO - 基金 015773 已追溯到本地数据，增量爬取结束。
2025-10-30 21:32:52,911 - INFO - 基金 015773 数据已成功保存到本地文件: fund_data/015773.csv
2025-10-30 21:32:52,919 - INFO - 本地已存在基金 016158 数据，共 693 行，最新日期为: 2025-10-27
2025-10-30 21:32:52,919 - INFO - 正在获取基金 016158 的第 1 页数据...
2025-10-30 21:32:52,945 - INFO - 第 1 页: 发现 4 行新数据
2025-10-30 21:32:52,945 - INFO - 基金 015874 总页数: 40, 当前页: 1, 当前页行数: 20
2025-10-30 21:32:52,946 - INFO - 基金 015874 已追溯到本地数据，增量爬取结束。
2025-10-30 21:32:52,951 - INFO - 基金 015874 数据已成功保存到本地文件: fund_data/015874.csv
2025-10-30 21:32:52,959 - INFO - 本地已存在基金 016262 数据，共 794 行，最新日期为: 2025-10-27
2025-10-30 21:32:52,959 - INFO - 正在获取基金 016262 的第 1 页数据...
2025-10-30 21:32:53,002 - INFO - 第 1 页: 发现 3 行新数据
2025-10-30 21:32:53,002 - INFO - 基金 015687 总页数: 43, 当前页: 1, 当前页行数: 20
2025-10-30 21:32:53,002 - INFO - 基金 015687 已追溯到本地数据，增量爬取结束。
2025-10-30 21:32:53,006 - INFO - 基金 015687 数据已成功保存到本地文件: fund_data/015687.csv
2025-10-30 21:32:53,014 - INFO - 本地已存在基金 016373 数据，共 742 行，最新日期为: 2025-10-24
2025-10-30 21:32:53,015 - INFO - 正在获取基金 016373 的第 1 页数据...
2025-10-30 21:32:53,048 - INFO - 第 1 页: 发现 3 行新数据
2025-10-30 21:32:53,048 - INFO - 基金 015998 总页数: 41, 当前页: 1, 当前页行数: 20
2025-10-30 21:32:53,048 - INFO - 基金 015998 已追溯到本地数据，增量爬取结束。
2025-10-30 21:32:53,052 - INFO - 基金 015998 数据已成功保存到本地文件: fund_data/015998.csv
2025-10-30 21:32:53,060 - INFO - 本地已存在基金 016461 数据，共 765 行，最新日期为: 2025-10-20
2025-10-30 21:32:53,060 - INFO - 正在获取基金 016461 的第 1 页数据...
2025-10-30 21:32:53,259 - INFO - 第 1 页: 发现 4 行新数据
2025-10-30 21:32:53,259 - INFO - 基金 016020 总页数: 41, 当前页: 1, 当前页行数: 20
2025-10-30 21:32:53,259 - INFO - 基金 016020 已追溯到本地数据，增量爬取结束。
2025-10-30 21:32:53,265 - INFO - 基金 016020 数据已成功保存到本地文件: fund_data/016020.csv
2025-10-30 21:32:53,273 - INFO - 本地已存在基金 016486 数据，共 666 行，最新日期为: 2025-10-24
2025-10-30 21:32:53,273 - INFO - 正在获取基金 016486 的第 1 页数据...
2025-10-30 21:32:53,542 - INFO - 第 1 页: 发现 3 行新数据
2025-10-30 21:32:53,542 - INFO - 基金 016158 总页数: 35, 当前页: 1, 当前页行数: 20
2025-10-30 21:32:53,543 - INFO - 基金 016158 已追溯到本地数据，增量爬取结束。
2025-10-30 21:32:53,546 - INFO - 基金 016158 数据已成功保存到本地文件: fund_data/016158.csv
2025-10-30 21:32:53,555 - INFO - 本地已存在基金 016501 数据，共 739 行，最新日期为: 2025-10-20
2025-10-30 21:32:53,555 - INFO - 正在获取基金 016501 的第 1 页数据...
2025-10-30 21:32:53,638 - INFO - 第 1 页: 发现 8 行新数据
2025-10-30 21:32:53,638 - INFO - 基金 016461 总页数: 39, 当前页: 1, 当前页行数: 20
2025-10-30 21:32:53,638 - INFO - 基金 016461 已追溯到本地数据，增量爬取结束。
2025-10-30 21:32:53,643 - INFO - 基金 016461 数据已成功保存到本地文件: fund_data/016461.csv
2025-10-30 21:32:53,651 - INFO - 本地已存在基金 016567 数据，共 749 行，最新日期为: 2025-10-27
2025-10-30 21:32:53,651 - INFO - 正在获取基金 016567 的第 1 页数据...
2025-10-30 21:32:53,670 - INFO - 第 1 页: 发现 4 行新数据
2025-10-30 21:32:53,670 - INFO - 基金 016373 总页数: 38, 当前页: 1, 当前页行数: 20
2025-10-30 21:32:53,671 - INFO - 基金 016373 已追溯到本地数据，增量爬取结束。
2025-10-30 21:32:53,676 - INFO - 基金 016373 数据已成功保存到本地文件: fund_data/016373.csv
2025-10-30 21:32:53,686 - INFO - 本地已存在基金 016579 数据，共 748 行，最新日期为: 2025-10-20
2025-10-30 21:32:53,687 - INFO - 正在获取基金 016579 的第 1 页数据...
2025-10-30 21:32:53,693 - INFO - 第 1 页: 发现 3 行新数据
2025-10-30 21:32:53,693 - INFO - 基金 016262 总页数: 40, 当前页: 1, 当前页行数: 20
2025-10-30 21:32:53,693 - INFO - 基金 016262 已追溯到本地数据，增量爬取结束。
2025-10-30 21:32:53,697 - INFO - 基金 016262 数据已成功保存到本地文件: fund_data/016262.csv
2025-10-30 21:32:53,705 - INFO - 本地已存在基金 017074 数据，共 681 行，最新日期为: 2025-10-24
2025-10-30 21:32:53,705 - INFO - 正在获取基金 017074 的第 1 页数据...
2025-10-30 21:32:53,949 - INFO - 第 1 页: 发现 4 行新数据
2025-10-30 21:32:53,949 - INFO - 基金 016486 总页数: 34, 当前页: 1, 当前页行数: 20
2025-10-30 21:32:53,950 - INFO - 基金 016486 已追溯到本地数据，增量爬取结束。
2025-10-30 21:32:53,954 - INFO - 基金 016486 数据已成功保存到本地文件: fund_data/016486.csv
2025-10-30 21:32:53,963 - INFO - 本地已存在基金 017076 数据，共 684 行，最新日期为: 2025-10-24
2025-10-30 21:32:53,963 - INFO - 正在获取基金 017076 的第 1 页数据...
2025-10-30 21:32:54,164 - INFO - 第 1 页: 发现 8 行新数据
2025-10-30 21:32:54,164 - INFO - 基金 016501 总页数: 38, 当前页: 1, 当前页行数: 20
2025-10-30 21:32:54,165 - INFO - 基金 016501 已追溯到本地数据，增量爬取结束。
2025-10-30 21:32:54,170 - INFO - 基金 016501 数据已成功保存到本地文件: fund_data/016501.csv
2025-10-30 21:32:54,178 - INFO - 本地已存在基金 017166 数据，共 596 行，最新日期为: 2025-10-24
2025-10-30 21:32:54,178 - INFO - 正在获取基金 017166 的第 1 页数据...
2025-10-30 21:32:54,284 - INFO - 第 1 页: 发现 8 行新数据
2025-10-30 21:32:54,284 - INFO - 基金 016579 总页数: 38, 当前页: 1, 当前页行数: 20
2025-10-30 21:32:54,284 - INFO - 基金 016579 已追溯到本地数据，增量爬取结束。
2025-10-30 21:32:54,289 - INFO - 基金 016579 数据已成功保存到本地文件: fund_data/016579.csv
2025-10-30 21:32:54,297 - INFO - 本地已存在基金 017223 数据，共 701 行，最新日期为: 2025-10-27
2025-10-30 21:32:54,297 - INFO - 正在获取基金 017223 的第 1 页数据...
2025-10-30 21:32:54,354 - INFO - 第 1 页: 发现 4 行新数据
2025-10-30 21:32:54,355 - INFO - 基金 017074 总页数: 35, 当前页: 1, 当前页行数: 20
2025-10-30 21:32:54,355 - INFO - 基金 017074 已追溯到本地数据，增量爬取结束。
2025-10-30 21:32:54,361 - INFO - 基金 017074 数据已成功保存到本地文件: fund_data/017074.csv
2025-10-30 21:32:54,370 - INFO - 本地已存在基金 017470 数据，共 698 行，最新日期为: 2025-10-24
2025-10-30 21:32:54,370 - INFO - 正在获取基金 017470 的第 1 页数据...
2025-10-30 21:32:54,376 - INFO - 第 1 页: 发现 3 行新数据
2025-10-30 21:32:54,376 - INFO - 基金 016567 总页数: 38, 当前页: 1, 当前页行数: 20
2025-10-30 21:32:54,377 - INFO - 基金 016567 已追溯到本地数据，增量爬取结束。
2025-10-30 21:32:54,380 - INFO - 基金 016567 数据已成功保存到本地文件: fund_data/016567.csv
2025-10-30 21:32:54,388 - INFO - 本地已存在基金 017560 数据，共 684 行，最新日期为: 2025-10-24
2025-10-30 21:32:54,389 - INFO - 正在获取基金 017560 的第 1 页数据...
2025-10-30 21:32:54,625 - INFO - 第 1 页: 发现 4 行新数据
2025-10-30 21:32:54,625 - INFO - 基金 017076 总页数: 35, 当前页: 1, 当前页行数: 20
2025-10-30 21:32:54,626 - INFO - 基金 017076 已追溯到本地数据，增量爬取结束。
2025-10-30 21:32:54,631 - INFO - 基金 017076 数据已成功保存到本地文件: fund_data/017076.csv
2025-10-30 21:32:54,639 - INFO - 本地已存在基金 017747 数据，共 572 行，最新日期为: 2025-10-24
2025-10-30 21:32:54,639 - INFO - 正在获取基金 017747 的第 1 页数据...
2025-10-30 21:32:54,738 - INFO - 第 1 页: 发现 4 行新数据
2025-10-30 21:32:54,739 - INFO - 基金 017166 总页数: 30, 当前页: 1, 当前页行数: 20
2025-10-30 21:32:54,739 - INFO - 基金 017166 已追溯到本地数据，增量爬取结束。
2025-10-30 21:32:54,743 - INFO - 基金 017166 数据已成功保存到本地文件: fund_data/017166.csv
2025-10-30 21:32:54,751 - INFO - 本地已存在基金 017968 数据，共 639 行，最新日期为: 2025-10-24
2025-10-30 21:32:54,752 - INFO - 正在获取基金 017968 的第 1 页数据...
2025-10-30 21:32:54,917 - INFO - 第 1 页: 发现 3 行新数据
2025-10-30 21:32:54,917 - INFO - 基金 017223 总页数: 36, 当前页: 1, 当前页行数: 20
2025-10-30 21:32:54,917 - INFO - 基金 017223 已追溯到本地数据，增量爬取结束。
2025-10-30 21:32:54,921 - INFO - 基金 017223 数据已成功保存到本地文件: fund_data/017223.csv
2025-10-30 21:32:54,929 - INFO - 本地已存在基金 018288 数据，共 572 行，最新日期为: 2025-10-24
2025-10-30 21:32:54,929 - INFO - 正在获取基金 018288 的第 1 页数据...
2025-10-30 21:32:54,963 - INFO - 第 1 页: 发现 4 行新数据
2025-10-30 21:32:54,963 - INFO - 基金 017470 总页数: 36, 当前页: 1, 当前页行数: 20
2025-10-30 21:32:54,963 - INFO - 基金 017470 已追溯到本地数据，增量爬取结束。
2025-10-30 21:32:54,968 - INFO - 基金 017470 数据已成功保存到本地文件: fund_data/017470.csv
2025-10-30 21:32:54,977 - INFO - 本地已存在基金 018326 数据，共 577 行，最新日期为: 2025-10-24
2025-10-30 21:32:54,977 - INFO - 正在获取基金 018326 的第 1 页数据...
2025-10-30 21:32:55,019 - INFO - 第 1 页: 发现 4 行新数据
2025-10-30 21:32:55,020 - INFO - 基金 017560 总页数: 35, 当前页: 1, 当前页行数: 20
2025-10-30 21:32:55,020 - INFO - 基金 017560 已追溯到本地数据，增量爬取结束。
2025-10-30 21:32:55,025 - INFO - 基金 017560 数据已成功保存到本地文件: fund_data/017560.csv
2025-10-30 21:32:55,032 - INFO - 本地已存在基金 018380 数据，共 600 行，最新日期为: 2025-10-24
2025-10-30 21:32:55,033 - INFO - 正在获取基金 018380 的第 1 页数据...
2025-10-30 21:32:55,219 - INFO - 第 1 页: 发现 4 行新数据
2025-10-30 21:32:55,219 - INFO - 基金 017747 总页数: 29, 当前页: 1, 当前页行数: 20
2025-10-30 21:32:55,220 - INFO - 基金 017747 已追溯到本地数据，增量爬取结束。
2025-10-30 21:32:55,224 - INFO - 基金 017747 数据已成功保存到本地文件: fund_data/017747.csv
2025-10-30 21:32:55,232 - INFO - 本地已存在基金 018638 数据，共 581 行，最新日期为: 2025-10-24
2025-10-30 21:32:55,233 - INFO - 正在获取基金 018638 的第 1 页数据...
2025-10-30 21:32:55,383 - INFO - 第 1 页: 发现 4 行新数据
2025-10-30 21:32:55,383 - INFO - 基金 017968 总页数: 33, 当前页: 1, 当前页行数: 20
2025-10-30 21:32:55,384 - INFO - 基金 017968 已追溯到本地数据，增量爬取结束。
2025-10-30 21:32:55,388 - INFO - 基金 017968 数据已成功保存到本地文件: fund_data/017968.csv
2025-10-30 21:32:55,396 - INFO - 本地已存在基金 018927 数据，共 459 行，最新日期为: 2025-10-27
2025-10-30 21:32:55,397 - INFO - 正在获取基金 018927 的第 1 页数据...
2025-10-30 21:32:55,514 - INFO - 第 1 页: 发现 4 行新数据
2025-10-30 21:32:55,514 - INFO - 基金 018288 总页数: 29, 当前页: 1, 当前页行数: 20
2025-10-30 21:32:55,514 - INFO - 基金 018288 已追溯到本地数据，增量爬取结束。
2025-10-30 21:32:55,519 - INFO - 基金 018288 数据已成功保存到本地文件: fund_data/018288.csv
2025-10-30 21:32:55,527 - INFO - 本地已存在基金 019571 数据，共 497 行，最新日期为: 2025-10-20
2025-10-30 21:32:55,527 - INFO - 正在获取基金 019571 的第 1 页数据...
2025-10-30 21:32:55,620 - INFO - 第 1 页: 发现 4 行新数据
2025-10-30 21:32:55,620 - INFO - 基金 018326 总页数: 30, 当前页: 1, 当前页行数: 20
2025-10-30 21:32:55,620 - INFO - 基金 018326 已追溯到本地数据，增量爬取结束。
2025-10-30 21:32:55,625 - INFO - 基金 018326 数据已成功保存到本地文件: fund_data/018326.csv
2025-10-30 21:32:55,632 - INFO - 本地已存在基金 019633 数据，共 499 行，最新日期为: 2025-10-27
2025-10-30 21:32:55,633 - INFO - 正在获取基金 019633 的第 1 页数据...
2025-10-30 21:32:55,656 - INFO - 第 1 页: 发现 4 行新数据
2025-10-30 21:32:55,656 - INFO - 基金 018380 总页数: 31, 当前页: 1, 当前页行数: 20
2025-10-30 21:32:55,656 - INFO - 基金 018380 已追溯到本地数据，增量爬取结束。
2025-10-30 21:32:55,661 - INFO - 基金 018380 数据已成功保存到本地文件: fund_data/018380.csv
2025-10-30 21:32:55,669 - INFO - 本地已存在基金 019925 数据，共 476 行，最新日期为: 2025-10-20
2025-10-30 21:32:55,669 - INFO - 正在获取基金 019925 的第 1 页数据...
2025-10-30 21:32:55,899 - INFO - 第 1 页: 发现 4 行新数据
2025-10-30 21:32:55,899 - INFO - 基金 018638 总页数: 30, 当前页: 1, 当前页行数: 20
2025-10-30 21:32:55,900 - INFO - 基金 018638 已追溯到本地数据，增量爬取结束。
2025-10-30 21:32:55,904 - INFO - 基金 018638 数据已成功保存到本地文件: fund_data/018638.csv
2025-10-30 21:32:55,912 - INFO - 本地已存在基金 020357 数据，共 412 行，最新日期为: 2025-10-27
2025-10-30 21:32:55,912 - INFO - 正在获取基金 020357 的第 1 页数据...
2025-10-30 21:32:55,977 - INFO - 第 1 页: 发现 3 行新数据
2025-10-30 21:32:55,977 - INFO - 基金 018927 总页数: 24, 当前页: 1, 当前页行数: 20
2025-10-30 21:32:55,977 - INFO - 基金 018927 已追溯到本地数据，增量爬取结束。
2025-10-30 21:32:55,981 - INFO - 基金 018927 数据已成功保存到本地文件: fund_data/018927.csv
2025-10-30 21:32:55,988 - INFO - 本地已存在基金 020465 数据，共 416 行，最新日期为: 2025-10-24
2025-10-30 21:32:55,989 - INFO - 正在获取基金 020465 的第 1 页数据...
2025-10-30 21:32:56,193 - INFO - 第 1 页: 发现 8 行新数据
2025-10-30 21:32:56,193 - INFO - 基金 019571 总页数: 26, 当前页: 1, 当前页行数: 20
2025-10-30 21:32:56,193 - INFO - 基金 019571 已追溯到本地数据，增量爬取结束。
2025-10-30 21:32:56,197 - INFO - 基金 019571 数据已成功保存到本地文件: fund_data/019571.csv
2025-10-30 21:32:56,205 - INFO - 本地已存在基金 020470 数据，共 389 行，最新日期为: 2025-10-24
2025-10-30 21:32:56,206 - INFO - 正在获取基金 020470 的第 1 页数据...
2025-10-30 21:32:56,253 - INFO - 第 1 页: 发现 3 行新数据
2025-10-30 21:32:56,253 - INFO - 基金 019633 总页数: 26, 当前页: 1, 当前页行数: 20
2025-10-30 21:32:56,254 - INFO - 基金 019633 已追溯到本地数据，增量爬取结束。
2025-10-30 21:32:56,257 - INFO - 基金 019633 数据已成功保存到本地文件: fund_data/019633.csv
2025-10-30 21:32:56,265 - INFO - 本地已存在基金 020477 数据，共 341 行，最新日期为: 2025-10-24
2025-10-30 21:32:56,265 - INFO - 正在获取基金 020477 的第 1 页数据...
2025-10-30 21:32:56,321 - INFO - 第 1 页: 发现 8 行新数据
2025-10-30 21:32:56,321 - INFO - 基金 019925 总页数: 25, 当前页: 1, 当前页行数: 20
2025-10-30 21:32:56,322 - INFO - 基金 019925 已追溯到本地数据，增量爬取结束。
2025-10-30 21:32:56,326 - INFO - 基金 019925 数据已成功保存到本地文件: fund_data/019925.csv
2025-10-30 21:32:56,334 - INFO - 本地已存在基金 020629 数据，共 389 行，最新日期为: 2025-10-24
2025-10-30 21:32:56,334 - INFO - 正在获取基金 020629 的第 1 页数据...
2025-10-30 21:32:56,539 - INFO - 第 1 页: 发现 3 行新数据
2025-10-30 21:32:56,539 - INFO - 基金 020357 总页数: 21, 当前页: 1, 当前页行数: 20
2025-10-30 21:32:56,539 - INFO - 基金 020357 已追溯到本地数据，增量爬取结束。
2025-10-30 21:32:56,543 - INFO - 基金 020357 数据已成功保存到本地文件: fund_data/020357.csv
2025-10-30 21:32:56,550 - INFO - 本地已存在基金 020640 数据，共 398 行，最新日期为: 2025-10-27
2025-10-30 21:32:56,551 - INFO - 正在获取基金 020640 的第 1 页数据...
2025-10-30 21:32:56,640 - INFO - 第 1 页: 发现 4 行新数据
2025-10-30 21:32:56,641 - INFO - 基金 020465 总页数: 21, 当前页: 1, 当前页行数: 20
2025-10-30 21:32:56,641 - INFO - 基金 020465 已追溯到本地数据，增量爬取结束。
2025-10-30 21:32:56,645 - INFO - 基金 020465 数据已成功保存到本地文件: fund_data/020465.csv
2025-10-30 21:32:56,653 - INFO - 本地已存在基金 020671 数据，共 413 行，最新日期为: 2025-10-24
2025-10-30 21:32:56,653 - INFO - 正在获取基金 020671 的第 1 页数据...
2025-10-30 21:32:56,923 - INFO - 第 1 页: 发现 4 行新数据
2025-10-30 21:32:56,923 - INFO - 基金 020477 总页数: 18, 当前页: 1, 当前页行数: 20
2025-10-30 21:32:56,923 - INFO - 基金 020477 已追溯到本地数据，增量爬取结束。
2025-10-30 21:32:56,927 - INFO - 基金 020477 数据已成功保存到本地文件: fund_data/020477.csv
2025-10-30 21:32:56,935 - INFO - 本地已存在基金 020840 数据，共 376 行，最新日期为: 2025-10-24
2025-10-30 21:32:56,935 - INFO - 正在获取基金 020840 的第 1 页数据...
2025-10-30 21:32:56,950 - INFO - 第 1 页: 发现 4 行新数据
2025-10-30 21:32:56,950 - INFO - 基金 020629 总页数: 20, 当前页: 1, 当前页行数: 20
2025-10-30 21:32:56,951 - INFO - 基金 020629 已追溯到本地数据，增量爬取结束。
2025-10-30 21:32:56,955 - INFO - 基金 020629 数据已成功保存到本地文件: fund_data/020629.csv
2025-10-30 21:32:56,963 - INFO - 本地已存在基金 021225 数据，共 272 行，最新日期为: 2025-10-24
2025-10-30 21:32:56,963 - INFO - 正在获取基金 021225 的第 1 页数据...
2025-10-30 21:32:57,164 - INFO - 第 1 页: 发现 3 行新数据
2025-10-30 21:32:57,164 - INFO - 基金 020640 总页数: 21, 当前页: 1, 当前页行数: 20
2025-10-30 21:32:57,165 - INFO - 基金 020640 已追溯到本地数据，增量爬取结束。
2025-10-30 21:32:57,168 - INFO - 基金 020640 数据已成功保存到本地文件: fund_data/020640.csv
2025-10-30 21:32:57,175 - INFO - 本地已存在基金 021533 数据，共 330 行，最新日期为: 2025-10-27
2025-10-30 21:32:57,175 - INFO - 正在获取基金 021533 的第 1 页数据...
2025-10-30 21:32:57,289 - INFO - 第 1 页: 发现 4 行新数据
2025-10-30 21:32:57,289 - INFO - 基金 020671 总页数: 21, 当前页: 1, 当前页行数: 20
2025-10-30 21:32:57,289 - INFO - 基金 020671 已追溯到本地数据，增量爬取结束。
2025-10-30 21:32:57,294 - INFO - 基金 020671 数据已成功保存到本地文件: fund_data/020671.csv
2025-10-30 21:32:57,301 - INFO - 本地已存在基金 021608 数据，共 308 行，最新日期为: 2025-10-24
2025-10-30 21:32:57,301 - INFO - 正在获取基金 021608 的第 1 页数据...
2025-10-30 21:32:57,581 - INFO - 第 1 页: 发现 4 行新数据
2025-10-30 21:32:57,581 - INFO - 基金 021225 总页数: 14, 当前页: 1, 当前页行数: 20
2025-10-30 21:32:57,582 - INFO - 基金 021225 已追溯到本地数据，增量爬取结束。
2025-10-30 21:32:57,586 - INFO - 基金 021225 数据已成功保存到本地文件: fund_data/021225.csv
2025-10-30 21:32:57,593 - INFO - 本地已存在基金 021719 数据，共 299 行，最新日期为: 2025-10-24
2025-10-30 21:32:57,594 - INFO - 正在获取基金 021719 的第 1 页数据...
2025-10-30 21:32:57,625 - INFO - 第 1 页: 发现 4 行新数据
2025-10-30 21:32:57,625 - INFO - 基金 020840 总页数: 19, 当前页: 1, 当前页行数: 20
2025-10-30 21:32:57,625 - INFO - 基金 020840 已追溯到本地数据，增量爬取结束。
2025-10-30 21:32:57,629 - INFO - 基金 020840 数据已成功保存到本地文件: fund_data/020840.csv
2025-10-30 21:32:57,637 - INFO - 本地已存在基金 021793 数据，共 259 行，最新日期为: 2025-10-24
2025-10-30 21:32:57,637 - INFO - 正在获取基金 021793 的第 1 页数据...
2025-10-30 21:32:57,792 - INFO - 第 1 页: 发现 3 行新数据
2025-10-30 21:32:57,793 - INFO - 基金 021533 总页数: 17, 当前页: 1, 当前页行数: 20
2025-10-30 21:32:57,793 - INFO - 基金 021533 已追溯到本地数据，增量爬取结束。
2025-10-30 21:32:57,796 - INFO - 基金 021533 数据已成功保存到本地文件: fund_data/021533.csv
2025-10-30 21:32:57,803 - INFO - 本地已存在基金 021894 数据，共 219 行，最新日期为: 2025-10-27
2025-10-30 21:32:57,803 - INFO - 正在获取基金 021894 的第 1 页数据...
2025-10-30 21:32:57,940 - INFO - 第 1 页: 发现 4 行新数据
2025-10-30 21:32:57,940 - INFO - 基金 021608 总页数: 16, 当前页: 1, 当前页行数: 20
2025-10-30 21:32:57,940 - INFO - 基金 021608 已追溯到本地数据，增量爬取结束。
2025-10-30 21:32:57,945 - INFO - 基金 021608 数据已成功保存到本地文件: fund_data/021608.csv
2025-10-30 21:32:57,952 - INFO - 本地已存在基金 021938 数据，共 111 行，最新日期为: 2025-10-27
2025-10-30 21:32:57,953 - INFO - 正在获取基金 021938 的第 1 页数据...
2025-10-30 21:32:58,220 - INFO - 第 1 页: 发现 4 行新数据
2025-10-30 21:32:58,220 - INFO - 基金 021719 总页数: 16, 当前页: 1, 当前页行数: 20
2025-10-30 21:32:58,221 - INFO - 基金 021719 已追溯到本地数据，增量爬取结束。
2025-10-30 21:32:58,225 - INFO - 基金 021719 数据已成功保存到本地文件: fund_data/021719.csv
2025-10-30 21:32:58,233 - INFO - 本地已存在基金 022365 数据，共 239 行，最新日期为: 2025-10-27
2025-10-30 21:32:58,234 - INFO - 正在获取基金 022365 的第 1 页数据...
2025-10-30 21:32:58,240 - INFO - 第 1 页: 发现 4 行新数据
2025-10-30 21:32:58,240 - INFO - 基金 021793 总页数: 14, 当前页: 1, 当前页行数: 20
2025-10-30 21:32:58,240 - INFO - 基金 021793 已追溯到本地数据，增量爬取结束。
2025-10-30 21:32:58,244 - INFO - 基金 021793 数据已成功保存到本地文件: fund_data/021793.csv
2025-10-30 21:32:58,251 - INFO - 本地已存在基金 022607 数据，共 230 行，最新日期为: 2025-10-27
2025-10-30 21:32:58,252 - INFO - 正在获取基金 022607 的第 1 页数据...
2025-10-30 21:32:58,394 - INFO - 第 1 页: 发现 3 行新数据
2025-10-30 21:32:58,394 - INFO - 基金 021894 总页数: 12, 当前页: 1, 当前页行数: 20
2025-10-30 21:32:58,394 - INFO - 基金 021894 已追溯到本地数据，增量爬取结束。
2025-10-30 21:32:58,397 - INFO - 基金 021894 数据已成功保存到本地文件: fund_data/021894.csv
2025-10-30 21:32:58,404 - INFO - 本地已存在基金 022726 数据，共 179 行，最新日期为: 2025-10-27
2025-10-30 21:32:58,405 - INFO - 正在获取基金 022726 的第 1 页数据...
2025-10-30 21:32:58,577 - INFO - 第 1 页: 发现 3 行新数据
2025-10-30 21:32:58,577 - INFO - 基金 021938 总页数: 6, 当前页: 1, 当前页行数: 20
2025-10-30 21:32:58,577 - INFO - 基金 021938 已追溯到本地数据，增量爬取结束。
2025-10-30 21:32:58,580 - INFO - 基金 021938 数据已成功保存到本地文件: fund_data/021938.csv
2025-10-30 21:32:58,588 - INFO - 本地已存在基金 023045 数据，共 139 行，最新日期为: 2025-10-27
2025-10-30 21:32:58,588 - INFO - 正在获取基金 023045 的第 1 页数据...
2025-10-30 21:32:58,860 - INFO - 第 1 页: 发现 3 行新数据
2025-10-30 21:32:58,860 - INFO - 基金 022607 总页数: 12, 当前页: 1, 当前页行数: 20
2025-10-30 21:32:58,860 - INFO - 基金 022607 已追溯到本地数据，增量爬取结束。
2025-10-30 21:32:58,863 - INFO - 基金 022607 数据已成功保存到本地文件: fund_data/022607.csv
2025-10-30 21:32:58,870 - INFO - 本地已存在基金 023452 数据，共 154 行，最新日期为: 2025-10-27
2025-10-30 21:32:58,871 - INFO - 正在获取基金 023452 的第 1 页数据...
2025-10-30 21:32:58,895 - INFO - 第 1 页: 发现 3 行新数据
2025-10-30 21:32:58,895 - INFO - 基金 022365 总页数: 13, 当前页: 1, 当前页行数: 20
2025-10-30 21:32:58,896 - INFO - 基金 022365 已追溯到本地数据，增量爬取结束。
2025-10-30 21:32:58,898 - INFO - 基金 022365 数据已成功保存到本地文件: fund_data/022365.csv
2025-10-30 21:32:58,906 - INFO - 本地已存在基金 023567 数据，共 147 行，最新日期为: 2025-10-27
2025-10-30 21:32:58,906 - INFO - 正在获取基金 023567 的第 1 页数据...
2025-10-30 21:32:59,042 - INFO - 第 1 页: 发现 3 行新数据
2025-10-30 21:32:59,042 - INFO - 基金 022726 总页数: 10, 当前页: 1, 当前页行数: 20
2025-10-30 21:32:59,042 - INFO - 基金 022726 已追溯到本地数据，增量爬取结束。
2025-10-30 21:32:59,045 - INFO - 基金 022726 数据已成功保存到本地文件: fund_data/022726.csv
2025-10-30 21:32:59,052 - INFO - 本地已存在基金 023652 数据，共 134 行，最新日期为: 2025-10-27
2025-10-30 21:32:59,053 - INFO - 正在获取基金 023652 的第 1 页数据...
2025-10-30 21:32:59,277 - INFO - 第 1 页: 发现 3 行新数据
2025-10-30 21:32:59,277 - INFO - 基金 023045 总页数: 8, 当前页: 1, 当前页行数: 20
2025-10-30 21:32:59,277 - INFO - 基金 023045 已追溯到本地数据，增量爬取结束。
2025-10-30 21:32:59,280 - INFO - 基金 023045 数据已成功保存到本地文件: fund_data/023045.csv
2025-10-30 21:32:59,288 - INFO - 本地已存在基金 023829 数据，共 107 行，最新日期为: 2025-10-27
2025-10-30 21:32:59,288 - INFO - 正在获取基金 023829 的第 1 页数据...
2025-10-30 21:32:59,422 - INFO - 第 1 页: 发现 3 行新数据
2025-10-30 21:32:59,422 - INFO - 基金 023452 总页数: 8, 当前页: 1, 当前页行数: 20
2025-10-30 21:32:59,423 - INFO - 基金 023452 已追溯到本地数据，增量爬取结束。
2025-10-30 21:32:59,426 - INFO - 基金 023452 数据已成功保存到本地文件: fund_data/023452.csv
2025-10-30 21:32:59,433 - INFO - 本地已存在基金 024070 数据，共 97 行，最新日期为: 2025-10-27
2025-10-30 21:32:59,433 - INFO - 正在获取基金 024070 的第 1 页数据...
2025-10-30 21:32:59,497 - INFO - 第 1 页: 发现 3 行新数据
2025-10-30 21:32:59,497 - INFO - 基金 023567 总页数: 8, 当前页: 1, 当前页行数: 20
2025-10-30 21:32:59,498 - INFO - 基金 023567 已追溯到本地数据，增量爬取结束。
2025-10-30 21:32:59,500 - INFO - 基金 023567 数据已成功保存到本地文件: fund_data/023567.csv
2025-10-30 21:32:59,507 - INFO - 本地已存在基金 024420 数据，共 52 行，最新日期为: 2025-10-27
2025-10-30 21:32:59,507 - INFO - 正在获取基金 024420 的第 1 页数据...
2025-10-30 21:32:59,644 - INFO - 第 1 页: 发现 3 行新数据
2025-10-30 21:32:59,644 - INFO - 基金 023652 总页数: 7, 当前页: 1, 当前页行数: 20
2025-10-30 21:32:59,645 - INFO - 基金 023652 已追溯到本地数据，增量爬取结束。
2025-10-30 21:32:59,647 - INFO - 基金 023652 数据已成功保存到本地文件: fund_data/023652.csv
2025-10-30 21:32:59,654 - INFO - 本地已存在基金 024854 数据，共 34 行，最新日期为: 2025-10-27
2025-10-30 21:32:59,655 - INFO - 正在获取基金 024854 的第 1 页数据...
2025-10-30 21:32:59,975 - INFO - 第 1 页: 发现 3 行新数据
2025-10-30 21:32:59,976 - INFO - 基金 023829 总页数: 6, 当前页: 1, 当前页行数: 20
2025-10-30 21:32:59,976 - INFO - 基金 023829 已追溯到本地数据，增量爬取结束。
2025-10-30 21:32:59,979 - INFO - 基金 023829 数据已成功保存到本地文件: fund_data/023829.csv
2025-10-30 21:32:59,986 - INFO - 本地已存在基金 024975 数据，共 55 行，最新日期为: 2025-10-27
2025-10-30 21:32:59,987 - INFO - 正在获取基金 024975 的第 1 页数据...
2025-10-30 21:32:59,999 - INFO - 第 1 页: 发现 3 行新数据
2025-10-30 21:32:59,999 - INFO - 基金 024070 总页数: 5, 当前页: 1, 当前页行数: 20
2025-10-30 21:32:59,999 - INFO - 基金 024070 已追溯到本地数据，增量爬取结束。
2025-10-30 21:33:00,002 - INFO - 基金 024070 数据已成功保存到本地文件: fund_data/024070.csv
2025-10-30 21:33:00,009 - INFO - 本地已存在基金 025333 数据，共 38 行，最新日期为: 2025-10-27
2025-10-30 21:33:00,009 - INFO - 正在获取基金 025333 的第 1 页数据...
2025-10-30 21:33:00,300 - INFO - 第 1 页: 发现 3 行新数据
2025-10-30 21:33:00,300 - INFO - 基金 024420 总页数: 3, 当前页: 1, 当前页行数: 20
2025-10-30 21:33:00,300 - INFO - 基金 024420 已追溯到本地数据，增量爬取结束。
2025-10-30 21:33:00,303 - INFO - 基金 024420 数据已成功保存到本地文件: fund_data/024420.csv
2025-10-30 21:33:00,311 - INFO - 本地已存在基金 512760 数据，共 1558 行，最新日期为: 2025-10-27
2025-10-30 21:33:00,311 - INFO - 正在获取基金 512760 的第 1 页数据...
2025-10-30 21:33:00,356 - INFO - 第 1 页: 发现 3 行新数据
2025-10-30 21:33:00,356 - INFO - 基金 024854 总页数: 2, 当前页: 1, 当前页行数: 20
2025-10-30 21:33:00,356 - INFO - 基金 024854 已追溯到本地数据，增量爬取结束。
2025-10-30 21:33:00,359 - INFO - 基金 024854 数据已成功保存到本地文件: fund_data/024854.csv
2025-10-30 21:33:00,667 - INFO - 第 1 页: 发现 3 行新数据
2025-10-30 21:33:00,668 - INFO - 基金 024975 总页数: 3, 当前页: 1, 当前页行数: 20
2025-10-30 21:33:00,668 - INFO - 基金 024975 已追溯到本地数据，增量爬取结束。
2025-10-30 21:33:00,670 - INFO - 基金 024975 数据已成功保存到本地文件: fund_data/024975.csv
2025-10-30 21:33:00,681 - INFO - 第 1 页: 发现 3 行新数据
2025-10-30 21:33:00,681 - INFO - 基金 025333 总页数: 3, 当前页: 1, 当前页行数: 20
2025-10-30 21:33:00,682 - INFO - 基金 025333 已追溯到本地数据，增量爬取结束。
2025-10-30 21:33:00,684 - INFO - 基金 025333 数据已成功保存到本地文件: fund_data/025333.csv
2025-10-30 21:33:00,814 - INFO - 第 1 页: 发现 3 行新数据
2025-10-30 21:33:00,814 - INFO - 基金 512760 总页数: 79, 当前页: 1, 当前页行数: 20
2025-10-30 21:33:00,815 - INFO - 基金 512760 已追溯到本地数据，增量爬取结束。
2025-10-30 21:33:00,819 - INFO - 基金 512760 数据已成功保存到本地文件: fund_data/512760.csv
2025-10-30 21:33:26,995 - ERROR - 基金 020470 API请求失败: HTTPConnectionPool(host='fundf10.eastmoney.com', port=80): Read timed out.
2025-10-30 21:33:26,996 - INFO - 重试基金 <__main__.MarketMonitor object at 0x7fa5492c4970>，第 1 次
2025-10-30 21:33:37,006 - INFO - 正在获取基金 020470 的第 1 页数据...
2025-10-30 21:33:37,646 - INFO - 第 1 页: 发现 4 行新数据
2025-10-30 21:33:37,646 - INFO - 基金 020470 总页数: 20, 当前页: 1, 当前页行数: 20
2025-10-30 21:33:37,646 - INFO - 基金 020470 已追溯到本地数据，增量爬取结束。
2025-10-30 21:33:37,650 - INFO - 基金 020470 数据已成功保存到本地文件: fund_data/020470.csv
2025-10-30 21:33:37,656 - INFO - 所有基金数据处理完成。
2025-10-30 21:33:37,656 - INFO - 正在生成市场监控报告...
2025-10-30 21:33:37,673 - INFO - 报告生成完成: market_monitor_report_c.md (过滤后基金数: 95)
2025-10-30 21:33:37,673 - INFO - 脚本执行完成
