2025-11-01 13:37:23,489 - INFO - 脚本启动
2025-11-01 13:37:23,497 - INFO - 大盘数据加载成功，共 3421 行，最新日期: 2025-10-31
2025-11-01 13:37:23,503 - INFO - 大盘指标计算完成
2025-11-01 13:37:23,503 - INFO - 正在解析 result_z.txt 获取推荐基金代码...
2025-11-01 13:37:23,504 - WARNING - 报告文件 result_z.txt 列数不足，尝试作为纯文本文件解析。
2025-11-01 13:37:23,504 - INFO - 成功从纯文本模式提取到 17 个基金代码。
2025-11-01 13:37:23,504 - INFO - 开始预加载本地缓存数据...
2025-11-01 13:37:23,504 - INFO - 当前时间: 2025-11-01 13:37:23, 期望最新数据日期: 2025-10-31
2025-11-01 13:37:23,509 - INFO - 本地已存在基金 002170 数据，共 2412 行，最新日期为: 2025-10-20
2025-11-01 13:37:23,509 - INFO - 基金 002170 本地数据已过时（最新日期为 2025-10-20，期望 2025-10-31），需要从网络获取新数据。
2025-11-01 13:37:23,512 - INFO - 本地已存在基金 008888 数据，共 1306 行，最新日期为: 2025-10-20
2025-11-01 13:37:23,512 - INFO - 基金 008888 本地数据已过时（最新日期为 2025-10-20，期望 2025-10-31），需要从网络获取新数据。
2025-11-01 13:37:23,514 - INFO - 本地已存在基金 015290 数据，共 704 行，最新日期为: 2025-10-31
2025-11-01 13:37:23,515 - INFO - 基金 015290 的本地数据已是最新 (2025-10-31, 期望: 2025-10-31) 且数据量足够 (704 行)，直接加载。
2025-11-01 13:37:23,522 - INFO - 本地已存在基金 015389 数据，共 862 行，最新日期为: 2025-10-20
2025-11-01 13:37:23,522 - INFO - 基金 015389 本地数据已过时（最新日期为 2025-10-20，期望 2025-10-31），需要从网络获取新数据。
2025-11-01 13:37:23,524 - INFO - 本地已存在基金 015857 数据，共 662 行，最新日期为: 2025-10-31
2025-11-01 13:37:23,525 - INFO - 基金 015857 的本地数据已是最新 (2025-10-31, 期望: 2025-10-31) 且数据量足够 (662 行)，直接加载。
2025-11-01 13:37:23,531 - INFO - 本地已存在基金 017437 数据，共 632 行，最新日期为: 2025-10-30
2025-11-01 13:37:23,531 - INFO - 基金 017437 本地数据已过时（最新日期为 2025-10-30，期望 2025-10-31），需要从网络获取新数据。
2025-11-01 13:37:23,533 - INFO - 本地已存在基金 017811 数据，共 655 行，最新日期为: 2025-10-31
2025-11-01 13:37:23,533 - INFO - 基金 017811 的本地数据已是最新 (2025-10-31, 期望: 2025-10-31) 且数据量足够 (655 行)，直接加载。
2025-11-01 13:37:23,540 - INFO - 本地已存在基金 018933 数据，共 544 行，最新日期为: 2025-10-20
2025-11-01 13:37:23,541 - INFO - 基金 018933 本地数据已过时（最新日期为 2025-10-20，期望 2025-10-31），需要从网络获取新数据。
2025-11-01 13:37:23,543 - INFO - 本地已存在基金 018957 数据，共 515 行，最新日期为: 2025-10-20
2025-11-01 13:37:23,543 - INFO - 基金 018957 本地数据已过时（最新日期为 2025-10-20，期望 2025-10-31），需要从网络获取新数据。
2025-11-01 13:37:23,545 - INFO - 本地已存在基金 018994 数据，共 463 行，最新日期为: 2025-10-20
2025-11-01 13:37:23,546 - INFO - 基金 018994 本地数据已过时（最新日期为 2025-10-20，期望 2025-10-31），需要从网络获取新数据。
2025-11-01 13:37:23,548 - INFO - 本地已存在基金 019514 数据，共 514 行，最新日期为: 2025-10-31
2025-11-01 13:37:23,548 - INFO - 基金 019514 的本地数据已是最新 (2025-10-31, 期望: 2025-10-31) 且数据量足够 (514 行)，直接加载。
2025-11-01 13:37:23,555 - INFO - 本地已存在基金 019548 数据，共 466 行，最新日期为: 2025-10-30
2025-11-01 13:37:23,555 - INFO - 基金 019548 本地数据已过时（最新日期为 2025-10-30，期望 2025-10-31），需要从网络获取新数据。
2025-11-01 13:37:23,557 - INFO - 本地已存在基金 020398 数据，共 442 行，最新日期为: 2025-10-31
2025-11-01 13:37:23,557 - INFO - 基金 020398 的本地数据已是最新 (2025-10-31, 期望: 2025-10-31) 且数据量足够 (442 行)，直接加载。
2025-11-01 13:37:23,564 - INFO - 本地已存在基金 020635 数据，共 399 行，最新日期为: 2025-10-31
2025-11-01 13:37:23,564 - INFO - 基金 020635 的本地数据已是最新 (2025-10-31, 期望: 2025-10-31) 且数据量足够 (399 行)，直接加载。
2025-11-01 13:37:23,571 - INFO - 本地已存在基金 020662 数据，共 395 行，最新日期为: 2025-10-31
2025-11-01 13:37:23,571 - INFO - 基金 020662 的本地数据已是最新 (2025-10-31, 期望: 2025-10-31) 且数据量足够 (395 行)，直接加载。
2025-11-01 13:37:23,578 - INFO - 本地已存在基金 021031 数据，共 369 行，最新日期为: 2025-10-31
2025-11-01 13:37:23,578 - INFO - 基金 021031 的本地数据已是最新 (2025-10-31, 期望: 2025-10-31) 且数据量足够 (369 行)，直接加载。
2025-11-01 13:37:23,584 - INFO - 本地已存在基金 021500 数据，共 357 行，最新日期为: 2025-10-31
2025-11-01 13:37:23,584 - INFO - 基金 021500 的本地数据已是最新 (2025-10-31, 期望: 2025-10-31) 且数据量足够 (357 行)，直接加载。
2025-11-01 13:37:23,589 - INFO - 开始使用多线程获取 8 个基金的新数据...
2025-11-01 13:37:23,601 - INFO - 本地已存在基金 017437 数据，共 632 行，最新日期为: 2025-10-30
2025-11-01 13:37:23,604 - INFO - 正在获取基金 017437 的第 1 页数据...
2025-11-01 13:37:23,605 - INFO - 本地已存在基金 015389 数据，共 862 行，最新日期为: 2025-10-20
2025-11-01 13:37:23,606 - INFO - 正在获取基金 015389 的第 1 页数据...
2025-11-01 13:37:23,611 - INFO - 本地已存在基金 018933 数据，共 544 行，最新日期为: 2025-10-20
2025-11-01 13:37:23,611 - INFO - 正在获取基金 018933 的第 1 页数据...
2025-11-01 13:37:23,615 - INFO - 本地已存在基金 002170 数据，共 2412 行，最新日期为: 2025-10-20
2025-11-01 13:37:23,615 - INFO - 本地已存在基金 008888 数据，共 1306 行，最新日期为: 2025-10-20
2025-11-01 13:37:23,615 - INFO - 正在获取基金 002170 的第 1 页数据...
2025-11-01 13:37:23,616 - INFO - 正在获取基金 008888 的第 1 页数据...
2025-11-01 13:37:24,953 - INFO - 第 1 页: 发现 9 行新数据
2025-11-01 13:37:24,953 - INFO - 基金 015389 总页数: 44, 当前页: 1, 当前页行数: 20
2025-11-01 13:37:24,953 - INFO - 基金 015389 已追溯到本地数据，增量爬取结束。
2025-11-01 13:37:24,959 - INFO - 基金 015389 数据已成功保存到本地文件: fund_data/015389.csv
2025-11-01 13:37:24,968 - INFO - 本地已存在基金 018957 数据，共 515 行，最新日期为: 2025-10-20
2025-11-01 13:37:24,968 - INFO - 正在获取基金 018957 的第 1 页数据...
2025-11-01 13:37:24,976 - INFO - 第 1 页: 发现 9 行新数据
2025-11-01 13:37:24,976 - INFO - 基金 008888 总页数: 66, 当前页: 1, 当前页行数: 20
2025-11-01 13:37:24,977 - INFO - 基金 008888 已追溯到本地数据，增量爬取结束。
2025-11-01 13:37:24,985 - INFO - 基金 008888 数据已成功保存到本地文件: fund_data/008888.csv
2025-11-01 13:37:24,996 - INFO - 基金 017437 无新数据，爬取结束。
2025-11-01 13:37:24,998 - INFO - 本地已存在基金 018994 数据，共 463 行，最新日期为: 2025-10-20
2025-11-01 13:37:24,999 - INFO - 基金 017437 无新数据，使用本地历史数据进行分析
2025-11-01 13:37:24,999 - INFO - 正在获取基金 018994 的第 1 页数据...
2025-11-01 13:37:25,007 - INFO - 本地已存在基金 019548 数据，共 466 行，最新日期为: 2025-10-30
2025-11-01 13:37:25,007 - INFO - 正在获取基金 019548 的第 1 页数据...
2025-11-01 13:37:25,029 - INFO - 第 1 页: 发现 9 行新数据
2025-11-01 13:37:25,029 - INFO - 基金 002170 总页数: 122, 当前页: 1, 当前页行数: 20
2025-11-01 13:37:25,029 - INFO - 基金 002170 已追溯到本地数据，增量爬取结束。
2025-11-01 13:37:25,039 - INFO - 基金 002170 数据已成功保存到本地文件: fund_data/002170.csv
2025-11-01 13:37:25,584 - INFO - 第 1 页: 发现 9 行新数据
2025-11-01 13:37:25,585 - INFO - 基金 018994 总页数: 24, 当前页: 1, 当前页行数: 20
2025-11-01 13:37:25,585 - INFO - 基金 018994 已追溯到本地数据，增量爬取结束。
2025-11-01 13:37:25,589 - INFO - 基金 018994 数据已成功保存到本地文件: fund_data/018994.csv
2025-11-01 13:37:25,631 - INFO - 第 1 页: 发现 9 行新数据
2025-11-01 13:37:25,631 - INFO - 基金 018957 总页数: 27, 当前页: 1, 当前页行数: 20
2025-11-01 13:37:25,631 - INFO - 基金 018957 已追溯到本地数据，增量爬取结束。
2025-11-01 13:37:25,636 - INFO - 基金 018957 数据已成功保存到本地文件: fund_data/018957.csv
2025-11-01 13:37:25,746 - INFO - 基金 019548 无新数据，爬取结束。
2025-11-01 13:37:25,747 - INFO - 基金 019548 无新数据，使用本地历史数据进行分析
2025-11-01 13:37:54,911 - ERROR - 基金 018933 API请求失败: HTTPConnectionPool(host='fundf10.eastmoney.com', port=80): Read timed out.
2025-11-01 13:37:54,911 - INFO - 重试基金 <__main__.MarketMonitor object at 0x7f27088f18d0>，第 1 次
2025-11-01 13:38:04,916 - INFO - 正在获取基金 018933 的第 1 页数据...
2025-11-01 13:38:05,598 - INFO - 第 1 页: 发现 9 行新数据
2025-11-01 13:38:05,598 - INFO - 基金 018933 总页数: 28, 当前页: 1, 当前页行数: 20
2025-11-01 13:38:05,599 - INFO - 基金 018933 已追溯到本地数据，增量爬取结束。
2025-11-01 13:38:05,603 - INFO - 基金 018933 数据已成功保存到本地文件: fund_data/018933.csv
2025-11-01 13:38:05,608 - INFO - 所有基金数据处理完成。
2025-11-01 13:38:05,608 - INFO - 正在生成市场监控报告...
2025-11-01 13:38:05,618 - INFO - 报告生成完成: market_monitor_report_z.md (过滤后基金数: 17)
2025-11-01 13:38:05,618 - INFO - 脚本执行完成
